\BOOKMARK [0][-]{section*.11}{List of Figures}{}% 1
\BOOKMARK [0][-]{section*.12}{List of Tables}{}% 2
\BOOKMARK [0][-]{section*.13}{Acronyms}{}% 3
\BOOKMARK [0][-]{section*.15}{Glossary}{}% 4
\BOOKMARK [0][-]{chapter.1}{Semantic Labelling Problem of Aerial Photography in Remote Sensing}{}% 5
\BOOKMARK [1][-]{section.1.1}{Introduction to remote-sensing and aerial-photography}{chapter.1}% 6
\BOOKMARK [1][-]{section.1.2}{Introduction to Semantic Image Segmentation Problem}{chapter.1}% 7
\BOOKMARK [1][-]{section.1.3}{Semantic Labelling Problem of Aerial Photography in Remote Sensing}{chapter.1}% 8
\BOOKMARK [0][-]{chapter.2}{Deep Learning in Computer Vision}{}% 9
\BOOKMARK [1][-]{section.2.1}{Machine Learning Basics}{chapter.2}% 10
\BOOKMARK [1][-]{section.2.2}{Deep Learning Algorithms}{chapter.2}% 11
\BOOKMARK [1][-]{section.2.3}{cnn for Image Classification Problem}{chapter.2}% 12
\BOOKMARK [0][-]{chapter.3}{Proposed Architectures and Detailed Implementation}{}% 13
\BOOKMARK [1][-]{section.3.1}{Fully Convolutional Network}{chapter.3}% 14
\BOOKMARK [1][-]{section.3.2}{Proposed Models}{chapter.3}% 15
\BOOKMARK [1][-]{section.3.3}{Detailed Implementation}{chapter.3}% 16
\BOOKMARK [0][-]{chapter.4}{Experimental Results and Evaluations}{}% 17
\BOOKMARK [1][-]{section.4.1}{Datasets}{chapter.4}% 18
\BOOKMARK [1][-]{section.4.2}{Data Preprocessing and Features Extraction}{chapter.4}% 19
\BOOKMARK [1][-]{section.4.3}{Experimental Results}{chapter.4}% 20
\BOOKMARK [1][-]{section.4.4}{Benchmark Test: Results}{chapter.4}% 21
\BOOKMARK [1][-]{section.4.5}{Demonstrations}{chapter.4}% 22
\BOOKMARK [0][-]{subsection.4.5.4}{Conclusion}{}% 23
\BOOKMARK [0][-]{chapter*.105}{Bibliography}{}% 24
