This is pdfTeX, Version 3.14159265-2.6-1.40.20 (TeX Live 2019/Debian) (preloaded format=pdflatex 2021.5.29)  14 OCT 2022 12:48
entering extended mode
 restricted \write18 enabled.
 %&-line parsing enabled.
**main.tex
(./main.tex
LaTeX2e <2020-02-02> patch level 2
L3 programming layer <2020-02-14>
(/usr/share/texlive/texmf-dist/tex/latex/base/report.cls
Document Class: report 2019/12/20 v1.4l Standard LaTeX document class
(/usr/share/texlive/texmf-dist/tex/latex/base/size12.clo
File: size12.clo 2019/12/20 v1.4l Standard LaTeX file (size option)
)
\c@part=\count167
\c@chapter=\count168
\c@section=\count169
\c@subsection=\count170
\c@subsubsection=\count171
\c@paragraph=\count172
\c@subparagraph=\count173
\c@figure=\count174
\c@table=\count175
\abovecaptionskip=\skip47
\belowcaptionskip=\skip48
\bibindent=\dimen134
)
(/usr/share/texlive/texmf-dist/tex/latex/geometry/geometry.sty
Package: geometry 2020/01/02 v5.9 Page Geometry

(/usr/share/texlive/texmf-dist/tex/latex/graphics/keyval.sty
Package: keyval 2014/10/28 v1.15 key=value parser (DPC)
\KV@toks@=\toks14
)
(/usr/share/texlive/texmf-dist/tex/generic/iftex/ifvtex.sty
Package: ifvtex 2019/10/25 v1.7 ifvtex legacy package. Use iftex instead.

(/usr/share/texlive/texmf-dist/tex/generic/iftex/iftex.sty
Package: iftex 2019/11/07 v1.0c TeX engine tests
))
\Gm@cnth=\count176
\Gm@cntv=\count177
\c@Gm@tempcnt=\count178
\Gm@bindingoffset=\dimen135
\Gm@wd@mp=\dimen136
\Gm@odd@mp=\dimen137
\Gm@even@mp=\dimen138
\Gm@layoutwidth=\dimen139
\Gm@layoutheight=\dimen140
\Gm@layouthoffset=\dimen141
\Gm@layoutvoffset=\dimen142
\Gm@dimlist=\toks15
)
(/usr/share/texlive/texmf-dist/tex/latex/base/inputenc.sty
Package: inputenc 2018/08/11 v1.3c Input encoding file
\inpenc@prehook=\toks16
\inpenc@posthook=\toks17
)
(/usr/share/texlive/texmf-dist/tex/generic/babel/babel.sty
Package: babel 2020/02/14 3.40 The Babel package

(/usr/share/texlive/texmf-dist/tex/generic/babel/switch.def
File: switch.def 2020/02/14 3.40 Babel switching mechanism
)
(/usr/share/texlive/texmf-dist/tex/generic/babel-english/english.ldf
Language: english 2017/06/06 v3.3r English support from the babel system

(/usr/share/texlive/texmf-dist/tex/generic/babel/babel.def
File: babel.def 2020/02/14 3.40 Babel common definitions
\babel@savecnt=\count179
\U@D=\dimen143

(/usr/share/texlive/texmf-dist/tex/generic/babel/txtbabel.def)
\bbl@readstream=\read2
\bbl@dirlevel=\count180
)
Package babel Info: \l@canadian = using hyphenrules for english
(babel)             (\language0) on input line 102.
Package babel Info: \l@australian = using hyphenrules for ukenglish
(babel)             (\language19) on input line 105.
Package babel Info: \l@newzealand = using hyphenrules for ukenglish
(babel)             (\language19) on input line 108.
)
(/usr/share/texlive/texmf-dist/tex/generic/babel-vietnamese/vietnamese.ldf
Language: vietnamese 


Package babel Warning: No hyphenation patterns were preloaded for
(babel)                the language `Vietnamese' into the format.
(babel)                Please, configure your TeX system to add them and
(babel)                rebuild the format. Now I will use the patterns
(babel)                preloaded for english instead on input line 36.

Package babel Info: \l@vietnamese = using hyphenrules for english
(babel)             (\language0) on input line 37.
Package babel Info: \l@vietnam = using hyphenrules for english
(babel)             (\language0) on input line 38.
Loading definitions for the Vietnamese font encoding
(/usr/share/texlive/texmf-dist/tex/latex/vntex/t5enc.def
File: t5enc.def 2006/11/21 v1.4 Vietnamese T5 encoding
Now handling font encoding T5 ...
... processing UTF-8 mapping file for font encoding T5

(/usr/share/texlive/texmf-dist/tex/latex/vntex/t5enc.dfu
File: t5enc.dfu 2006/08/19 v1.1 UTF8 support for Vietnamese
   defining Unicode char U+00AB (decimal 171)
   defining Unicode char U+00BB (decimal 187)
   defining Unicode char U+00C0 (decimal 192)
   defining Unicode char U+00C1 (decimal 193)
   defining Unicode char U+00C2 (decimal 194)
   defining Unicode char U+00C3 (decimal 195)
   defining Unicode char U+00C8 (decimal 200)
   defining Unicode char U+00C9 (decimal 201)
   defining Unicode char U+00CA (decimal 202)
   defining Unicode char U+00CC (decimal 204)
   defining Unicode char U+00CD (decimal 205)
   defining Unicode char U+00D2 (decimal 210)
   defining Unicode char U+00D3 (decimal 211)
   defining Unicode char U+00D4 (decimal 212)
   defining Unicode char U+00D5 (decimal 213)
   defining Unicode char U+00D9 (decimal 217)
   defining Unicode char U+00DA (decimal 218)
   defining Unicode char U+00DD (decimal 221)
   defining Unicode char U+00E0 (decimal 224)
   defining Unicode char U+00E1 (decimal 225)
   defining Unicode char U+00E2 (decimal 226)
   defining Unicode char U+00E3 (decimal 227)
   defining Unicode char U+00E8 (decimal 232)
   defining Unicode char U+00E9 (decimal 233)
   defining Unicode char U+00EA (decimal 234)
   defining Unicode char U+00EC (decimal 236)
   defining Unicode char U+00ED (decimal 237)
   defining Unicode char U+00F2 (decimal 242)
   defining Unicode char U+00F3 (decimal 243)
   defining Unicode char U+00F4 (decimal 244)
   defining Unicode char U+00F5 (decimal 245)
   defining Unicode char U+00F9 (decimal 249)
   defining Unicode char U+00FA (decimal 250)
   defining Unicode char U+00FD (decimal 253)
   defining Unicode char U+0102 (decimal 258)
   defining Unicode char U+0103 (decimal 259)
   defining Unicode char U+0110 (decimal 272)
   defining Unicode char U+0111 (decimal 273)
   defining Unicode char U+0128 (decimal 296)
   defining Unicode char U+0129 (decimal 297)
   defining Unicode char U+0131 (decimal 305)
   defining Unicode char U+0168 (decimal 360)
   defining Unicode char U+0169 (decimal 361)
   defining Unicode char U+01A0 (decimal 416)
   defining Unicode char U+01A1 (decimal 417)
   defining Unicode char U+01AF (decimal 431)
   defining Unicode char U+01B0 (decimal 432)
   defining Unicode char U+1EA0 (decimal 7840)
   defining Unicode char U+1EA1 (decimal 7841)
   defining Unicode char U+1EA2 (decimal 7842)
   defining Unicode char U+1EA3 (decimal 7843)
   defining Unicode char U+1EA4 (decimal 7844)
   defining Unicode char U+1EA5 (decimal 7845)
   defining Unicode char U+1EA6 (decimal 7846)
   defining Unicode char U+1EA7 (decimal 7847)
   defining Unicode char U+1EA8 (decimal 7848)
   defining Unicode char U+1EA9 (decimal 7849)
   defining Unicode char U+1EAA (decimal 7850)
   defining Unicode char U+1EAB (decimal 7851)
   defining Unicode char U+1EAC (decimal 7852)
   defining Unicode char U+1EAD (decimal 7853)
   defining Unicode char U+1EAE (decimal 7854)
   defining Unicode char U+1EAF (decimal 7855)
   defining Unicode char U+1EB0 (decimal 7856)
   defining Unicode char U+1EB1 (decimal 7857)
   defining Unicode char U+1EB2 (decimal 7858)
   defining Unicode char U+1EB3 (decimal 7859)
   defining Unicode char U+1EB4 (decimal 7860)
   defining Unicode char U+1EB5 (decimal 7861)
   defining Unicode char U+1EB6 (decimal 7862)
   defining Unicode char U+1EB7 (decimal 7863)
   defining Unicode char U+1EB8 (decimal 7864)
   defining Unicode char U+1EB9 (decimal 7865)
   defining Unicode char U+1EBA (decimal 7866)
   defining Unicode char U+1EBB (decimal 7867)
   defining Unicode char U+1EBC (decimal 7868)
   defining Unicode char U+1EBD (decimal 7869)
   defining Unicode char U+1EBE (decimal 7870)
   defining Unicode char U+1EBF (decimal 7871)
   defining Unicode char U+1EC0 (decimal 7872)
   defining Unicode char U+1EC1 (decimal 7873)
   defining Unicode char U+1EC2 (decimal 7874)
   defining Unicode char U+1EC3 (decimal 7875)
   defining Unicode char U+1EC4 (decimal 7876)
   defining Unicode char U+1EC5 (decimal 7877)
   defining Unicode char U+1EC6 (decimal 7878)
   defining Unicode char U+1EC7 (decimal 7879)
   defining Unicode char U+1EC8 (decimal 7880)
   defining Unicode char U+1EC9 (decimal 7881)
   defining Unicode char U+1ECA (decimal 7882)
   defining Unicode char U+1ECB (decimal 7883)
   defining Unicode char U+1ECC (decimal 7884)
   defining Unicode char U+1ECD (decimal 7885)
   defining Unicode char U+1ECE (decimal 7886)
   defining Unicode char U+1ECF (decimal 7887)
   defining Unicode char U+1ED0 (decimal 7888)
   defining Unicode char U+1ED1 (decimal 7889)
   defining Unicode char U+1ED2 (decimal 7890)
   defining Unicode char U+1ED3 (decimal 7891)
   defining Unicode char U+1ED4 (decimal 7892)
   defining Unicode char U+1ED5 (decimal 7893)
   defining Unicode char U+1ED6 (decimal 7894)
   defining Unicode char U+1ED7 (decimal 7895)
   defining Unicode char U+1ED8 (decimal 7896)
   defining Unicode char U+1ED9 (decimal 7897)
   defining Unicode char U+1EDA (decimal 7898)
   defining Unicode char U+1EDB (decimal 7899)
   defining Unicode char U+1EDC (decimal 7900)
   defining Unicode char U+1EDD (decimal 7901)
   defining Unicode char U+1EDE (decimal 7902)
   defining Unicode char U+1EDF (decimal 7903)
   defining Unicode char U+1EE0 (decimal 7904)
   defining Unicode char U+1EE1 (decimal 7905)
   defining Unicode char U+1EE2 (decimal 7906)
   defining Unicode char U+1EE3 (decimal 7907)
   defining Unicode char U+1EE4 (decimal 7908)
   defining Unicode char U+1EE5 (decimal 7909)
   defining Unicode char U+1EE6 (decimal 7910)
   defining Unicode char U+1EE7 (decimal 7911)
   defining Unicode char U+1EE8 (decimal 7912)
   defining Unicode char U+1EE9 (decimal 7913)
   defining Unicode char U+1EEA (decimal 7914)
   defining Unicode char U+1EEB (decimal 7915)
   defining Unicode char U+1EEC (decimal 7916)
   defining Unicode char U+1EED (decimal 7917)
   defining Unicode char U+1EEE (decimal 7918)
   defining Unicode char U+1EEF (decimal 7919)
   defining Unicode char U+1EF0 (decimal 7920)
   defining Unicode char U+1EF1 (decimal 7921)
   defining Unicode char U+1EF2 (decimal 7922)
   defining Unicode char U+1EF3 (decimal 7923)
   defining Unicode char U+1EF4 (decimal 7924)
   defining Unicode char U+1EF5 (decimal 7925)
   defining Unicode char U+1EF6 (decimal 7926)
   defining Unicode char U+1EF7 (decimal 7927)
   defining Unicode char U+1EF8 (decimal 7928)
   defining Unicode char U+1EF9 (decimal 7929)
   defining Unicode char U+200C (decimal 8204)
   defining Unicode char U+2013 (decimal 8211)
   defining Unicode char U+2014 (decimal 8212)
   defining Unicode char U+2018 (decimal 8216)
   defining Unicode char U+2019 (decimal 8217)
   defining Unicode char U+201A (decimal 8218)
   defining Unicode char U+201C (decimal 8220)
   defining Unicode char U+201D (decimal 8221)
   defining Unicode char U+201E (decimal 8222)
   defining Unicode char U+2030 (decimal 8240)
   defining Unicode char U+2031 (decimal 8241)
   defining Unicode char U+2039 (decimal 8249)
   defining Unicode char U+203A (decimal 8250)
   defining Unicode char U+2423 (decimal 9251)
))
Package babel Info: Making " an active character on input line 147.
))
(/usr/share/texlive/texmf-dist/tex/latex/glossaries/base/glossaries.sty
Package: glossaries 2020/02/13 v4.45 (NLCT)

(/usr/share/texlive/texmf-dist/tex/latex/base/ifthen.sty
Package: ifthen 2014/09/29 v1.1c Standard LaTeX ifthen package (DPC)
)
(/usr/share/texlive/texmf-dist/tex/latex/xkeyval/xkeyval.sty
Package: xkeyval 2014/12/03 v2.7a package option processing (HA)

(/usr/share/texlive/texmf-dist/tex/generic/xkeyval/xkeyval.tex
(/usr/share/texlive/texmf-dist/tex/generic/xkeyval/xkvutils.tex
\XKV@toks=\toks18
\XKV@tempa@toks=\toks19
)
\XKV@depth=\count181
File: xkeyval.tex 2014/12/03 v2.7a key=value parser (HA)
))
(/usr/share/texlive/texmf-dist/tex/latex/mfirstuc/mfirstuc.sty
Package: mfirstuc 2017/11/14 v2.06 (NLCT)

(/usr/share/texlive/texmf-dist/tex/latex/etoolbox/etoolbox.sty
Package: etoolbox 2019/09/21 v2.5h e-TeX tools for LaTeX (JAW)
\etb@tempcnta=\count182
)
\@glsmfirst=\toks20
\@glsmrest=\toks21
)
(/usr/share/texlive/texmf-dist/tex/latex/textcase/textcase.sty
Package: textcase 2019/09/14 v1.00 Text only upper/lower case changing (DPC)
)
(/usr/share/texlive/texmf-dist/tex/latex/xfor/xfor.sty
Package: xfor 2009/02/05 v1.05 (NLCT)
)
(/usr/share/texlive/texmf-dist/tex/latex/datatool/datatool-base.sty
Package: datatool-base 2019/09/27 v2.32 (NLCT)

(/usr/share/texlive/texmf-dist/tex/latex/amsmath/amsmath.sty
Package: amsmath 2020/01/20 v2.17e AMS math features
\@mathmargin=\skip49

For additional information on amsmath, use the `?' option.
(/usr/share/texlive/texmf-dist/tex/latex/amsmath/amstext.sty
Package: amstext 2000/06/29 v2.01 AMS text

(/usr/share/texlive/texmf-dist/tex/latex/amsmath/amsgen.sty
File: amsgen.sty 1999/11/30 v2.0 generic functions
\@emptytoks=\toks22
\ex@=\dimen144
))
(/usr/share/texlive/texmf-dist/tex/latex/amsmath/amsbsy.sty
Package: amsbsy 1999/11/29 v1.2d Bold Symbols
\pmbraise@=\dimen145
)
(/usr/share/texlive/texmf-dist/tex/latex/amsmath/amsopn.sty
Package: amsopn 2016/03/08 v2.02 operator names
)
\inf@bad=\count183
LaTeX Info: Redefining \frac on input line 227.
\uproot@=\count184
\leftroot@=\count185
LaTeX Info: Redefining \overline on input line 389.
\classnum@=\count186
\DOTSCASE@=\count187
LaTeX Info: Redefining \ldots on input line 486.
LaTeX Info: Redefining \dots on input line 489.
LaTeX Info: Redefining \cdots on input line 610.
\Mathstrutbox@=\box45
\strutbox@=\box46
\big@size=\dimen146
LaTeX Font Info:    Redeclaring font encoding OML on input line 733.
LaTeX Font Info:    Redeclaring font encoding OMS on input line 734.
\macc@depth=\count188
\c@MaxMatrixCols=\count189
\dotsspace@=\muskip16
\c@parentequation=\count190
\dspbrk@lvl=\count191
\tag@help=\toks23
\row@=\count192
\column@=\count193
\maxfields@=\count194
\andhelp@=\toks24
\eqnshift@=\dimen147
\alignsep@=\dimen148
\tagshift@=\dimen149
\tagwidth@=\dimen150
\totwidth@=\dimen151
\lineht@=\dimen152
\@envbody=\toks25
\multlinegap=\skip50
\multlinetaggap=\skip51
\mathdisplay@stack=\toks26
LaTeX Info: Redefining \[ on input line 2859.
LaTeX Info: Redefining \] on input line 2860.
)
(/usr/share/texlive/texmf-dist/tex/latex/substr/substr.sty
Package: substr 2009/10/20 v1.2 Handle substrings
\c@su@anzahl=\count195
)
(/usr/share/texlive/texmf-dist/tex/latex/datatool/datatool-fp.sty
Package: datatool-fp 2019/09/27 v2.32 (NLCT)

(/usr/share/texlive/texmf-dist/tex/latex/fp/fp.sty
Package: fp 1995/04/02

`Fixed Point Package', Version 0.8, April 2, 1995 (C) Michael Mehlich
(/usr/share/texlive/texmf-dist/tex/latex/fp/defpattern.sty
Package: defpattern 1994/10/12
\actioncount=\count196
)
(/usr/share/texlive/texmf-dist/tex/latex/fp/fp-basic.sty
Package: fp-basic 1996/05/13
\FP@xs=\count197
\FP@xia=\count198
\FP@xib=\count199
\FP@xfa=\count266
\FP@xfb=\count267
\FP@rega=\count268
\FP@regb=\count269
\FP@regs=\count270
\FP@times=\count271
)
(/usr/share/texlive/texmf-dist/tex/latex/fp/fp-addons.sty
Package: fp-addons 1995/03/15
)
(/usr/share/texlive/texmf-dist/tex/latex/fp/fp-snap.sty
Package: fp-snap 1995/04/05
)
(/usr/share/texlive/texmf-dist/tex/latex/fp/fp-exp.sty
Package: fp-exp 1995/04/03
)
(/usr/share/texlive/texmf-dist/tex/latex/fp/fp-trigo.sty
Package: fp-trigo 1995/04/14
)
(/usr/share/texlive/texmf-dist/tex/latex/fp/fp-pas.sty
Package: fp-pas 1994/08/29
)
(/usr/share/texlive/texmf-dist/tex/latex/fp/fp-random.sty
Package: fp-random 1995/02/23
\FPseed=\count272
)
(/usr/share/texlive/texmf-dist/tex/latex/fp/fp-eqn.sty
Package: fp-eqn 1995/04/03
)
(/usr/share/texlive/texmf-dist/tex/latex/fp/fp-upn.sty
Package: fp-upn 1996/10/21
)
(/usr/share/texlive/texmf-dist/tex/latex/fp/fp-eval.sty
Package: fp-eval 1995/04/03
)))
\@dtl@toks=\toks27
\@dtl@tmpcount=\count273
\dtl@tmplength=\skip52
\dtl@sortresult=\count274
\@dtl@numgrpsepcount=\count275
\@dtl@datatype=\count276
\dtl@codeA=\count277
\dtl@codeB=\count278
\@dtl@foreach@level=\count279
)
(/usr/share/texlive/texmf-dist/tex/latex/glossaries/base/glossaries-compatible-
307.sty
Package: glossaries-compatible-307 2020/02/13 v4.45 (NLCT)
) (/usr/share/texlive/texmf-dist/tex/latex/tracklang/tracklang.sty
Package: tracklang 2019/11/30 v1.4 (NLCT) Track Languages

(/usr/share/texlive/texmf-dist/tex/generic/tracklang/tracklang.tex))
(/usr/share/texlive/texmf-dist/tex/latex/translator/translator.sty
Package: translator 2019-05-31 v1.12a Easy translation of strings in LaTeX
)

Package glossaries Warning: No language module detected for `vietnamese'.
(glossaries)                Language modules need to be installed separately.
(glossaries)                Please check on CTAN for a bundle called
(glossaries)                `glossaries-vietnamese' or similar.


(/usr/share/texlive/texmf-dist/tex/latex/glossaries-english/glossaries-english.
ldf
File: glossaries-english.ldf 2014/11/23 v1.0
)
\gls@level=\count280
\@gls@tmpb=\toks28
\gls@tmplen=\skip53
\glskeylisttok=\toks29
\glslabeltok=\toks30
\glsshorttok=\toks31
\glslongtok=\toks32

(/usr/share/texlive/texmf-dist/tex/latex/glossaries/styles/glossary-hypernav.st
y
Package: glossary-hypernav 2020/02/13 v4.45 (NLCT)
) (/usr/share/texlive/texmf-dist/tex/latex/glossaries/styles/glossary-list.sty
Package: glossary-list 2020/02/13 v4.45 (NLCT)
\glslistdottedwidth=\skip54
) (/usr/share/texlive/texmf-dist/tex/latex/glossaries/styles/glossary-long.sty
Package: glossary-long 2020/02/13 v4.45 (NLCT)

(/usr/share/texlive/texmf-dist/tex/latex/tools/longtable.sty
Package: longtable 2020/01/07 v4.13 Multi-page Table package (DPC)
\LTleft=\skip55
\LTright=\skip56
\LTpre=\skip57
\LTpost=\skip58
\LTchunksize=\count281
\LTcapwidth=\dimen153
\LT@head=\box47
\LT@firsthead=\box48
\LT@foot=\box49
\LT@lastfoot=\box50
\LT@cols=\count282
\LT@rows=\count283
\c@LT@tables=\count284
\c@LT@chunks=\count285
\LT@p@ftn=\toks33
)
\glsdescwidth=\skip59
\glspagelistwidth=\skip60
)
(/usr/share/texlive/texmf-dist/tex/latex/glossaries/styles/glossary-super.sty
Package: glossary-super 2020/02/13 v4.45 (NLCT)

(/usr/share/texlive/texmf-dist/tex/latex/supertabular/supertabular.sty
Package: supertabular 2020/02/02 v4.1g the supertabular environment
\c@tracingst=\count286
\ST@wd=\dimen154
\ST@rightskip=\skip61
\ST@leftskip=\skip62
\ST@parfillskip=\skip63
\ST@pageleft=\dimen155
\ST@headht=\dimen156
\ST@tailht=\dimen157
\ST@pagesofar=\dimen158
\ST@pboxht=\dimen159
\ST@lineht=\dimen160
\ST@prevht=\dimen161
\ST@toadd=\dimen162
\ST@dimen=\dimen163
\ST@pbox=\box51
))
(/usr/share/texlive/texmf-dist/tex/latex/glossaries/styles/glossary-tree.sty
Package: glossary-tree 2020/02/13 v4.45 (NLCT)
\glstreeindent=\skip64
))
(/usr/share/texlive/texmf-dist/tex/latex/fancybox/fancybox.sty
Package: fancybox 2010/05/15 1.4

Style option: `fancybox' v1.4 <2010/05/15> (tvz)
\@fancybox=\box52
\shadowsize=\dimen164
\@Sbox=\box53
\do@VerbBox=\toks34
\the@fancyput=\toks35
\this@fancyput=\toks36
\EndVerbatimTokens=\toks37
\Verbatim@Outfile=\write3
\Verbatim@Infile=\read3
) (/usr/share/texlive/texmf-dist/tex/latex/amsfonts/amssymb.sty
Package: amssymb 2013/01/14 v3.01 AMS font symbols

(/usr/share/texlive/texmf-dist/tex/latex/amsfonts/amsfonts.sty
Package: amsfonts 2013/01/14 v3.01 Basic AMSFonts support
\symAMSa=\mathgroup4
\symAMSb=\mathgroup5
LaTeX Font Info:    Redeclaring math symbol \hbar on input line 98.
LaTeX Font Info:    Overwriting math alphabet `\mathfrak' in version `bold'
(Font)                  U/euf/m/n --> U/euf/b/n on input line 106.
))
(/usr/share/texlive/texmf-dist/tex/latex/caption/caption.sty
Package: caption 2020/01/03 v3.4h Customizing captions (AR)

(/usr/share/texlive/texmf-dist/tex/latex/caption/caption3.sty
Package: caption3 2020/01/03 v1.8h caption3 kernel (AR)
Package caption3 Info: TeX engine: e-TeX on input line 61.
\captionmargin=\dimen165
\captionmargin@=\dimen166
\captionwidth=\dimen167
\caption@tempdima=\dimen168
\caption@indent=\dimen169
\caption@parindent=\dimen170
\caption@hangindent=\dimen171
Package caption Info: Standard document class detected.
)
\c@caption@flags=\count287
\c@continuedfloat=\count288
Package caption Info: longtable package is loaded.

(/usr/share/texlive/texmf-dist/tex/latex/caption/ltcaption.sty
Package: ltcaption 2018/08/26 v1.4a longtable captions (AR)
)
Package caption Info: supertabular package is loaded.
)
(/usr/share/texlive/texmf-dist/tex/latex/caption/subcaption.sty
Package: subcaption 2020/01/22 v1.3d Sub-captions (AR)
\c@subfigure=\count289
\c@subtable=\count290
)
(/usr/share/texlive/texmf-dist/tex/latex/graphics/graphicx.sty
Package: graphicx 2019/11/30 v1.2a Enhanced LaTeX Graphics (DPC,SPQR)

(/usr/share/texlive/texmf-dist/tex/latex/graphics/graphics.sty
Package: graphics 2019/11/30 v1.4a Standard LaTeX Graphics (DPC,SPQR)

(/usr/share/texlive/texmf-dist/tex/latex/graphics/trig.sty
Package: trig 2016/01/03 v1.10 sin cos tan (DPC)
)
(/usr/share/texlive/texmf-dist/tex/latex/graphics-cfg/graphics.cfg
File: graphics.cfg 2016/06/04 v1.11 sample graphics configuration
)
Package graphics Info: Driver file: pdftex.def on input line 105.

(/usr/share/texlive/texmf-dist/tex/latex/graphics-def/pdftex.def
File: pdftex.def 2018/01/08 v1.0l Graphics/color driver for pdftex
))
\Gin@req@height=\dimen172
\Gin@req@width=\dimen173
)
(/usr/share/texlive/texmf-dist/tex/latex/xcolor/xcolor.sty
Package: xcolor 2016/05/11 v2.12 LaTeX color extensions (UK)

(/usr/share/texlive/texmf-dist/tex/latex/graphics-cfg/color.cfg
File: color.cfg 2016/01/02 v1.6 sample color configuration
)
Package xcolor Info: Driver file: pdftex.def on input line 225.

(/usr/share/texlive/texmf-dist/tex/latex/colortbl/colortbl.sty
Package: colortbl 2020/01/04 v1.0e Color table columns (DPC)

(/usr/share/texlive/texmf-dist/tex/latex/tools/array.sty
Package: array 2019/08/31 v2.4l Tabular extension package (FMi)
\col@sep=\dimen174
\ar@mcellbox=\box54
\extrarowheight=\dimen175
\NC@list=\toks38
\extratabsurround=\skip65
\backup@length=\skip66
\ar@cellbox=\box55
)
\everycr=\toks39
\minrowclearance=\skip67
)
\rownum=\count291
Package xcolor Info: Model `cmy' substituted by `cmy0' on input line 1348.
Package xcolor Info: Model `hsb' substituted by `rgb' on input line 1352.
Package xcolor Info: Model `RGB' extended on input line 1364.
Package xcolor Info: Model `HTML' substituted by `rgb' on input line 1366.
Package xcolor Info: Model `Hsb' substituted by `hsb' on input line 1367.
Package xcolor Info: Model `tHsb' substituted by `hsb' on input line 1368.
Package xcolor Info: Model `HSB' substituted by `hsb' on input line 1369.
Package xcolor Info: Model `Gray' substituted by `gray' on input line 1370.
Package xcolor Info: Model `wave' substituted by `hsb' on input line 1371.
)
(/usr/share/texlive/texmf-dist/tex/latex/tools/multicol.sty
Package: multicol 2019/12/09 v1.8y multicolumn formatting (FMi)
\c@tracingmulticols=\count292
\mult@box=\box56
\multicol@leftmargin=\dimen176
\c@unbalance=\count293
\c@collectmore=\count294
\doublecol@number=\count295
\multicoltolerance=\count296
\multicolpretolerance=\count297
\full@width=\dimen177
\page@free=\dimen178
\premulticols=\dimen179
\postmulticols=\dimen180
\multicolsep=\skip68
\multicolbaselineskip=\skip69
\partial@page=\box57
\last@line=\box58
\maxbalancingoverflow=\dimen181
\mult@rightbox=\box59
\mult@grightbox=\box60
\mult@gfirstbox=\box61
\mult@firstbox=\box62
\@tempa=\box63
\@tempa=\box64
\@tempa=\box65
\@tempa=\box66
\@tempa=\box67
\@tempa=\box68
\@tempa=\box69
\@tempa=\box70
\@tempa=\box71
\@tempa=\box72
\@tempa=\box73
\@tempa=\box74
\@tempa=\box75
\@tempa=\box76
\@tempa=\box77
\@tempa=\box78
\@tempa=\box79
\@tempa=\box80
\@tempa=\box81
\@tempa=\box82
\@tempa=\box83
\@tempa=\box84
\@tempa=\box85
\@tempa=\box86
\@tempa=\box87
\@tempa=\box88
\@tempa=\box89
\@tempa=\box90
\@tempa=\box91
\@tempa=\box92
\@tempa=\box93
\@tempa=\box94
\@tempa=\box95
\@tempa=\box96
\@tempa=\box97
\@tempa=\box98
\@tempa=\box99
\c@minrows=\count298
\c@columnbadness=\count299
\c@finalcolumnbadness=\count300
\last@try=\dimen182
\multicolovershoot=\dimen183
\multicolundershoot=\dimen184
\mult@nat@firstbox=\box100
\colbreak@box=\box101
\mc@col@check@num=\count301
)
(/usr/share/texlive/texmf-dist/tex/latex/setspace/setspace.sty
Package: setspace 2011/12/19 v6.7a set line spacing
)
(/usr/share/texlive/texmf-dist/tex/latex/tocbibind/tocbibind.sty
Package: tocbibind 2010/10/13 v1.5k extra ToC listings
Package tocbibind Info: The document has chapter divisions on input line 50.


Package tocbibind Note: Using chapter style headings, unless overridden.

) (/usr/share/texlive/texmf-dist/tex/latex/mdwtools/footnote.sty
Package: footnote 1997/01/28 1.13 Save footnotes around boxes
\fn@notes=\box102
\fn@width=\dimen185
)
(/usr/share/texlive/texmf-dist/tex/latex/hyperref/hyperref.sty
Package: hyperref 2020/01/14 v7.00d Hypertext links for LaTeX

(/usr/share/texlive/texmf-dist/tex/generic/ltxcmds/ltxcmds.sty
Package: ltxcmds 2019/12/15 v1.24 LaTeX kernel commands for general use (HO)
)
(/usr/share/texlive/texmf-dist/tex/latex/pdftexcmds/pdftexcmds.sty
Package: pdftexcmds 2019/11/24 v0.31 Utility functions of pdfTeX for LuaTeX (HO
)

(/usr/share/texlive/texmf-dist/tex/generic/infwarerr/infwarerr.sty
Package: infwarerr 2019/12/03 v1.5 Providing info/warning/error messages (HO)
)
Package pdftexcmds Info: \pdf@primitive is available.
Package pdftexcmds Info: \pdf@ifprimitive is available.
Package pdftexcmds Info: \pdfdraftmode found.
)
(/usr/share/texlive/texmf-dist/tex/generic/kvsetkeys/kvsetkeys.sty
Package: kvsetkeys 2019/12/15 v1.18 Key value parser (HO)
)
(/usr/share/texlive/texmf-dist/tex/generic/kvdefinekeys/kvdefinekeys.sty
Package: kvdefinekeys 2019-12-19 v1.6 Define keys (HO)
)
(/usr/share/texlive/texmf-dist/tex/generic/pdfescape/pdfescape.sty
Package: pdfescape 2019/12/09 v1.15 Implements pdfTeX's escape features (HO)
)
(/usr/share/texlive/texmf-dist/tex/latex/hycolor/hycolor.sty
Package: hycolor 2020-01-27 v1.10 Color options for hyperref/bookmark (HO)
)
(/usr/share/texlive/texmf-dist/tex/latex/letltxmacro/letltxmacro.sty
Package: letltxmacro 2019/12/03 v1.6 Let assignment for LaTeX macros (HO)
)
(/usr/share/texlive/texmf-dist/tex/latex/auxhook/auxhook.sty
Package: auxhook 2019-12-17 v1.6 Hooks for auxiliary files (HO)
)
(/usr/share/texlive/texmf-dist/tex/latex/kvoptions/kvoptions.sty
Package: kvoptions 2019/11/29 v3.13 Key value format for package options (HO)
)
\@linkdim=\dimen186
\Hy@linkcounter=\count302
\Hy@pagecounter=\count303

(/usr/share/texlive/texmf-dist/tex/latex/hyperref/pd1enc.def
File: pd1enc.def 2020/01/14 v7.00d Hyperref: PDFDocEncoding definition (HO)
Now handling font encoding PD1 ...
... no UTF-8 mapping file for font encoding PD1
)
(/usr/share/texlive/texmf-dist/tex/generic/intcalc/intcalc.sty
Package: intcalc 2019/12/15 v1.3 Expandable calculations with integers (HO)
)
(/usr/share/texlive/texmf-dist/tex/generic/etexcmds/etexcmds.sty
Package: etexcmds 2019/12/15 v1.7 Avoid name clashes with e-TeX commands (HO)
)
\Hy@SavedSpaceFactor=\count304
\pdfmajorversion=\count305
Package hyperref Info: Hyper figures OFF on input line 4547.
Package hyperref Info: Link nesting OFF on input line 4552.
Package hyperref Info: Hyper index ON on input line 4555.
Package hyperref Info: Plain pages OFF on input line 4562.
Package hyperref Info: Backreferencing OFF on input line 4567.
Package hyperref Info: Implicit mode ON; LaTeX internals redefined.
Package hyperref Info: Bookmarks ON on input line 4800.
\c@Hy@tempcnt=\count306

(/usr/share/texlive/texmf-dist/tex/latex/url/url.sty
\Urlmuskip=\muskip17
Package: url 2013/09/16  ver 3.4  Verb mode for urls, etc.
)
LaTeX Info: Redefining \url on input line 5159.
\XeTeXLinkMargin=\dimen187

(/usr/share/texlive/texmf-dist/tex/generic/bitset/bitset.sty
Package: bitset 2019/12/09 v1.3 Handle bit-vector datatype (HO)

(/usr/share/texlive/texmf-dist/tex/generic/bigintcalc/bigintcalc.sty
Package: bigintcalc 2019/12/15 v1.5 Expandable calculations on big integers (HO
)
))
\Fld@menulength=\count307
\Field@Width=\dimen188
\Fld@charsize=\dimen189
Package hyperref Info: Hyper figures OFF on input line 6430.
Package hyperref Info: Link nesting OFF on input line 6435.
Package hyperref Info: Hyper index ON on input line 6438.
Package hyperref Info: backreferencing OFF on input line 6445.
Package hyperref Info: Link coloring OFF on input line 6450.
Package hyperref Info: Link coloring with OCG OFF on input line 6455.
Package hyperref Info: PDF/A mode OFF on input line 6460.
LaTeX Info: Redefining \ref on input line 6500.
LaTeX Info: Redefining \pageref on input line 6504.

(/usr/share/texlive/texmf-dist/tex/generic/atbegshi/atbegshi.sty
Package: atbegshi 2019/12/05 v1.19 At begin shipout hook (HO)
)
\Hy@abspage=\count308
\c@Item=\count309
\c@Hfootnote=\count310
)
Package hyperref Info: Driver (autodetected): hpdftex.

(/usr/share/texlive/texmf-dist/tex/latex/hyperref/hpdftex.def
File: hpdftex.def 2020/01/14 v7.00d Hyperref driver for pdfTeX

(/usr/share/texlive/texmf-dist/tex/latex/atveryend/atveryend.sty
Package: atveryend 2019-12-11 v1.11 Hooks at the very end of document (HO)
)
\Fld@listcount=\count311
\c@bookmark@seq@number=\count312

(/usr/share/texlive/texmf-dist/tex/latex/rerunfilecheck/rerunfilecheck.sty
Package: rerunfilecheck 2019/12/05 v1.9 Rerun checks for auxiliary files (HO)

(/usr/share/texlive/texmf-dist/tex/generic/uniquecounter/uniquecounter.sty
Package: uniquecounter 2019/12/15 v1.4 Provide unlimited unique counter (HO)
)
Package uniquecounter Info: New unique counter `rerunfilecheck' on input line 2
86.
)
\Hy@SectionHShift=\skip70
)
Package hyperref Info: Option `colorlinks' set `true' on input line 26.

(/usr/share/texlive/texmf-dist/tex/latex/biblatex/biblatex.sty
Package: biblatex 2019/12/01 v3.14 programmable bibliographies (PK/MW)

(/usr/share/texlive/texmf-dist/tex/latex/logreq/logreq.sty
Package: logreq 2010/08/04 v1.0 xml request logger
\lrq@indent=\count313

(/usr/share/texlive/texmf-dist/tex/latex/logreq/logreq.def
File: logreq.def 2010/08/04 v1.0 logreq spec v1.0
))
\c@tabx@nest=\count314
\c@listtotal=\count315
\c@listcount=\count316
\c@liststart=\count317
\c@liststop=\count318
\c@citecount=\count319
\c@citetotal=\count320
\c@multicitecount=\count321
\c@multicitetotal=\count322
\c@instcount=\count323
\c@maxnames=\count324
\c@minnames=\count325
\c@maxitems=\count326
\c@minitems=\count327
\c@citecounter=\count328
\c@maxcitecounter=\count329
\c@savedcitecounter=\count330
\c@uniquelist=\count331
\c@uniquename=\count332
\c@refsection=\count333
\c@refsegment=\count334
\c@maxextratitle=\count335
\c@maxextratitleyear=\count336
\c@maxextraname=\count337
\c@maxextradate=\count338
\c@maxextraalpha=\count339
\c@abbrvpenalty=\count340
\c@highnamepenalty=\count341
\c@lownamepenalty=\count342
\c@maxparens=\count343
\c@parenlevel=\count344
\blx@tempcnta=\count345
\blx@tempcntb=\count346
\blx@tempcntc=\count347
\blx@maxsection=\count348
\blx@maxsegment@0=\count349
\blx@notetype=\count350
\blx@parenlevel@text=\count351
\blx@parenlevel@foot=\count352
\blx@sectionciteorder@0=\count353
\blx@entrysetcounter=\count354
\labelnumberwidth=\skip71
\labelalphawidth=\skip72
\biblabelsep=\skip73
\bibitemsep=\skip74
\bibnamesep=\skip75
\bibinitsep=\skip76
\bibparsep=\skip77
\bibhang=\skip78
\blx@bcfin=\read4
\blx@bcfout=\write4
\blx@langwohyphens=\language85
\c@mincomprange=\count355
\c@maxcomprange=\count356
\c@mincompwidth=\count357
Package biblatex Info: Trying to load biblatex default data model...
Package biblatex Info: ... file 'blx-dm.def' found.

(/usr/share/texlive/texmf-dist/tex/latex/biblatex/blx-dm.def
File: blx-dm.def 2019/12/01 v3.14 biblatex localization (PK/MW)
)
Package biblatex Info: Trying to load biblatex custom data model...
Package biblatex Info: ... file 'biblatex-dm.cfg' not found.
\c@afterword=\count358
\c@savedafterword=\count359
\c@annotator=\count360
\c@savedannotator=\count361
\c@author=\count362
\c@savedauthor=\count363
\c@bookauthor=\count364
\c@savedbookauthor=\count365
\c@commentator=\count366
\c@savedcommentator=\count367
\c@editor=\count368
\c@savededitor=\count369
\c@editora=\count370
\c@savededitora=\count371
\c@editorb=\count372
\c@savededitorb=\count373
\c@editorc=\count374
\c@savededitorc=\count375
\c@foreword=\count376
\c@savedforeword=\count377
\c@holder=\count378
\c@savedholder=\count379
\c@introduction=\count380
\c@savedintroduction=\count381
\c@namea=\count382
\c@savednamea=\count383
\c@nameb=\count384
\c@savednameb=\count385
\c@namec=\count386
\c@savednamec=\count387
\c@translator=\count388
\c@savedtranslator=\count389
\c@shortauthor=\count390
\c@savedshortauthor=\count391
\c@shorteditor=\count392
\c@savedshorteditor=\count393
\c@labelname=\count394
\c@savedlabelname=\count395
\c@institution=\count396
\c@savedinstitution=\count397
\c@lista=\count398
\c@savedlista=\count399
\c@listb=\count400
\c@savedlistb=\count401
\c@listc=\count402
\c@savedlistc=\count403
\c@listd=\count404
\c@savedlistd=\count405
\c@liste=\count406
\c@savedliste=\count407
\c@listf=\count408
\c@savedlistf=\count409
\c@location=\count410
\c@savedlocation=\count411
\c@organization=\count412
\c@savedorganization=\count413
\c@origlocation=\count414
\c@savedoriglocation=\count415
\c@origpublisher=\count416
\c@savedorigpublisher=\count417
\c@publisher=\count418
\c@savedpublisher=\count419
\c@language=\count420
\c@savedlanguage=\count421
\c@origlanguage=\count422
\c@savedoriglanguage=\count423
\c@pageref=\count424
\c@savedpageref=\count425
\shorthandwidth=\skip79
\shortjournalwidth=\skip80
\shortserieswidth=\skip81
\shorttitlewidth=\skip82
\shortauthorwidth=\skip83
\shorteditorwidth=\skip84
\locallabelnumberwidth=\skip85
\locallabelalphawidth=\skip86
\localshorthandwidth=\skip87
\localshortjournalwidth=\skip88
\localshortserieswidth=\skip89
\localshorttitlewidth=\skip90
\localshortauthorwidth=\skip91
\localshorteditorwidth=\skip92
Package biblatex Info: Trying to load compatibility code...
Package biblatex Info: ... file 'blx-compat.def' found.

(/usr/share/texlive/texmf-dist/tex/latex/biblatex/blx-compat.def
File: blx-compat.def 2019/12/01 v3.14 biblatex compatibility (PK/MW)
)
Package biblatex Info: Trying to load generic definitions...
Package biblatex Info: ... file 'biblatex.def' found.

(/usr/share/texlive/texmf-dist/tex/latex/biblatex/biblatex.def
File: biblatex.def 2019/12/01 v3.14 biblatex compatibility (PK/MW)
\c@textcitecount=\count426
\c@textcitetotal=\count427
\c@textcitemaxnames=\count428
\c@biburlbigbreakpenalty=\count429
\c@biburlbreakpenalty=\count430
\c@biburlnumpenalty=\count431
\c@biburlucpenalty=\count432
\c@biburllcpenalty=\count433
\biburlbigskip=\muskip18
\biburlnumskip=\muskip19
\biburlucskip=\muskip20
\biburllcskip=\muskip21
\c@smartand=\count434
)
Package biblatex Info: Trying to load bibliography style 'numeric'...
Package biblatex Info: ... file 'numeric.bbx' found.

(/usr/share/texlive/texmf-dist/tex/latex/biblatex/bbx/numeric.bbx
File: numeric.bbx 2019/12/01 v3.14 biblatex bibliography style (PK/MW)
Package biblatex Info: Trying to load bibliography style 'standard'...
Package biblatex Info: ... file 'standard.bbx' found.

(/usr/share/texlive/texmf-dist/tex/latex/biblatex/bbx/standard.bbx
File: standard.bbx 2019/12/01 v3.14 biblatex bibliography style (PK/MW)
\c@bbx:relatedcount=\count435
\c@bbx:relatedtotal=\count436
))
Package biblatex Info: Trying to load citation style 'numeric'...
Package biblatex Info: ... file 'numeric.cbx' found.

(/usr/share/texlive/texmf-dist/tex/latex/biblatex/cbx/numeric.cbx
File: numeric.cbx 2019/12/01 v3.14 biblatex citation style (PK/MW)
Package biblatex Info: Redefining '\cite'.
Package biblatex Info: Redefining '\parencite'.
Package biblatex Info: Redefining '\footcite'.
Package biblatex Info: Redefining '\footcitetext'.
Package biblatex Info: Redefining '\smartcite'.
Package biblatex Info: Redefining '\supercite'.
Package biblatex Info: Redefining '\textcite'.
Package biblatex Info: Redefining '\textcites'.
Package biblatex Info: Redefining '\cites'.
Package biblatex Info: Redefining '\parencites'.
Package biblatex Info: Redefining '\smartcites'.
)
Package biblatex Info: Trying to load configuration file...
Package biblatex Info: ... file 'biblatex.cfg' found.

(/usr/share/texlive/texmf-dist/tex/latex/biblatex/biblatex.cfg
File: biblatex.cfg 
))
(/usr/share/texlive/texmf-dist/tex/latex/float/float.sty
Package: float 2001/11/08 v1.3d Float enhancements (AL)
\c@float@type=\count437
\float@exts=\toks40
\float@box=\box103
\@float@everytoks=\toks41
\@floatcapt=\box104
)
\@float@every@table=\toks42
\glswrite=\write5
\glo@main@file=\write6
\openout6 = `main.glo'.

Package glossaries Info: Writing glossary file main.glo on input line 44.
\glo@acronym@file=\write7
\openout7 = `main.acn'.

Package glossaries Info: Writing glossary file main.acn on input line 44.
 (./acronyms.tex)
(./glossary.tex) (/usr/share/texlive/texmf-dist/tex/latex/wrapfig/wrapfig.sty
\wrapoverhang=\dimen190
\WF@size=\dimen191
\c@WF@wrappedlines=\count438
\WF@box=\box105
\WF@everypar=\toks43
Package: wrapfig 2003/01/31  v 3.6
)
(/usr/share/texlive/texmf-dist/tex/latex/tools/tabularx.sty
Package: tabularx 2020/01/15 v2.11c `tabularx' package (DPC)
\TX@col@width=\dimen192
\TX@old@table=\dimen193
\TX@old@col=\dimen194
\TX@target=\dimen195
\TX@delta=\dimen196
\TX@cols=\count439
\TX@ftn=\toks44
)
(/usr/share/texlive/texmf-dist/tex/latex/tabu/tabu.sty
Package: tabu 2019/01/11 v2.9 - flexible LaTeX tabulars (FC+tabu-fixed) + inter
mediate FMi

(/usr/share/texlive/texmf-dist/tex/latex/varwidth/varwidth.sty
Package: varwidth 2009/03/30 ver 0.92;  Variable-width minipages
\@vwid@box=\box106
\sift@deathcycles=\count440
\@vwid@loff=\dimen197
\@vwid@roff=\dimen198
)
\c@taburow=\count441
\tabu@nbcols=\count442
\tabu@cnt=\count443
\tabu@Xcol=\count444
\tabu@alloc=\count445
\tabu@nested=\count446
\tabu@target=\dimen199
\tabu@spreadtarget=\dimen256
\tabu@naturalX=\dimen257
\tabucolX=\dimen258
\tabu@Xsum=\dimen259
\extrarowdepth=\dimen260
\abovetabulinesep=\dimen261
\belowtabulinesep=\dimen262
\tabustrutrule=\dimen263
\tabu@thebody=\toks45
\tabu@footnotes=\toks46
\tabu@box=\box107
\tabu@arstrutbox=\box108
\tabu@hleads=\box109
\tabu@vleads=\box110
\tabu@cellskip=\skip93
)
(/usr/share/texlive/texmf-dist/tex/latex/multirow/multirow.sty
Package: multirow 2019/05/31 v2.5 Span multiple rows of a table
\multirow@colwidth=\skip94
\multirow@cntb=\count447
\multirow@dima=\skip95
\bigstrutjot=\dimen264
)
(/usr/share/texlive/texmf-dist/tex/latex/xpatch/xpatch.sty
(/usr/share/texlive/texmf-dist/tex/latex/l3kernel/expl3.sty
Package: expl3 2020-02-14 L3 programming layer (loader) 

(/usr/share/texlive/texmf-dist/tex/latex/l3backend/l3backend-pdfmode.def
File: l3backend-pdfmode.def 2020-02-03 L3 backend support: PDF mode
\l__kernel_color_stack_int=\count448
\l__pdf_internal_box=\box111
))
Package: xpatch 2012/10/02 v0.3 Extending etoolbox patching commands

(/usr/share/texlive/texmf-dist/tex/latex/l3packages/xparse/xparse.sty
Package: xparse 2020-02-14 L3 Experimental document command parser
\l__xparse_current_arg_int=\count449
\g__xparse_grabber_int=\count450
\l__xparse_m_args_int=\count451
\l__xparse_v_nesting_int=\count452
))
(/usr/share/texlive/texmf-dist/tex/latex/tocloft/tocloft.sty
Package: tocloft 2017/08/31 v2.3i parameterised ToC, etc., typesetting
Package tocloft Info: The document has chapter divisions on input line 51.
\cftparskip=\skip96
\cftbeforetoctitleskip=\skip97
\cftaftertoctitleskip=\skip98
\cftbeforepartskip=\skip99
\cftpartnumwidth=\skip100
\cftpartindent=\skip101
\cftbeforechapskip=\skip102
\cftchapindent=\skip103
\cftchapnumwidth=\skip104
\cftbeforesecskip=\skip105
\cftsecindent=\skip106
\cftsecnumwidth=\skip107
\cftbeforesubsecskip=\skip108
\cftsubsecindent=\skip109
\cftsubsecnumwidth=\skip110
\cftbeforesubsubsecskip=\skip111
\cftsubsubsecindent=\skip112
\cftsubsubsecnumwidth=\skip113
\cftbeforeparaskip=\skip114
\cftparaindent=\skip115
\cftparanumwidth=\skip116
\cftbeforesubparaskip=\skip117
\cftsubparaindent=\skip118
\cftsubparanumwidth=\skip119
\cftbeforeloftitleskip=\skip120
\cftafterloftitleskip=\skip121
\cftbeforefigskip=\skip122
\cftfigindent=\skip123
\cftfignumwidth=\skip124
\c@lofdepth=\count453
\c@lotdepth=\count454
\cftbeforelottitleskip=\skip125
\cftafterlottitleskip=\skip126
\cftbeforetabskip=\skip127
\cfttabindent=\skip128
\cfttabnumwidth=\skip129
)
(/usr/share/texlive/texmf-dist/tex/latex/fancyhdr/fancyhdr.sty
Package: fancyhdr 2019/01/31 v3.10 Extensive control of page headers and footer
s
\f@nch@headwidth=\skip130
\f@nch@O@elh=\skip131
\f@nch@O@erh=\skip132
\f@nch@O@olh=\skip133
\f@nch@O@orh=\skip134
\f@nch@O@elf=\skip135
\f@nch@O@erf=\skip136
\f@nch@O@olf=\skip137
\f@nch@O@orf=\skip138
)

Package biblatex Warning: 'babel/polyglossia' detected but 'csquotes' missing.
(biblatex)                Loading 'csquotes' recommended.

\@quotelevel=\count455
\@quotereset=\count456
(build//main.aux (build//titlepage.aux)
LaTeX Font Info:    Trying to load font information for T5+cmr on input line 33
.

(/usr/share/texlive/texmf-dist/tex/latex/vntex/t5cmr.fd
File: t5cmr.fd 1999/05/25 v2.5h Standard LaTeX font definitions
)
(build//requirements.aux) (build//acknowledgement.aux) (build//abstract-vi.aux)
(build//abstract-en.aux) (build//summary.aux) (build//chapter1.aux)
(build//chapter2.aux) (build//chapter3.aux) (build//chapter4.aux)
(build//conclusion.aux))
\openout1 = `main.aux'.

LaTeX Font Info:    Checking defaults for OML/cmm/m/it on input line 77.
LaTeX Font Info:    ... okay on input line 77.
LaTeX Font Info:    Checking defaults for OMS/cmsy/m/n on input line 77.
LaTeX Font Info:    ... okay on input line 77.
LaTeX Font Info:    Checking defaults for OT1/cmr/m/n on input line 77.
LaTeX Font Info:    ... okay on input line 77.
LaTeX Font Info:    Checking defaults for T1/cmr/m/n on input line 77.
LaTeX Font Info:    ... okay on input line 77.
LaTeX Font Info:    Checking defaults for TS1/cmr/m/n on input line 77.
LaTeX Font Info:    ... okay on input line 77.
LaTeX Font Info:    Checking defaults for OMX/cmex/m/n on input line 77.
LaTeX Font Info:    ... okay on input line 77.
LaTeX Font Info:    Checking defaults for U/cmr/m/n on input line 77.
LaTeX Font Info:    ... okay on input line 77.
LaTeX Font Info:    Checking defaults for T5/cmr/m/n on input line 77.
LaTeX Font Info:    ... okay on input line 77.
LaTeX Font Info:    Checking defaults for PD1/pdf/m/n on input line 77.
LaTeX Font Info:    ... okay on input line 77.

*geometry* driver: auto-detecting
*geometry* detected driver: pdftex
*geometry* verbose mode - [ preamble ] result:
* driver: pdftex
* paper: a4paper
* layout: <same size as paper>
* layoutoffset:(h,v)=(0.0pt,0.0pt)
* modes: 
* h-part:(L,W,R)=(99.58464pt, 441.01773pt, 56.9055pt)
* v-part:(T,H,B)=(56.9055pt, 731.23584pt, 56.9055pt)
* \paperwidth=597.50787pt
* \paperheight=845.04684pt
* \textwidth=441.01773pt
* \textheight=731.23584pt
* \oddsidemargin=27.31465pt
* \evensidemargin=27.31465pt
* \topmargin=-52.36449pt
* \headheight=12.0pt
* \headsep=25.0pt
* \topskip=12.0pt
* \footskip=30.0pt
* \marginparwidth=35.0pt
* \marginparsep=10.0pt
* \columnsep=14.58194pt
* \skip\footins=10.8pt plus 4.0pt minus 2.0pt
* \hoffset=0.0pt
* \voffset=0.0pt
* \mag=1000
* \@twocolumnfalse
* \@twosidefalse
* \@mparswitchfalse
* \@reversemarginfalse
* (1in=72.27pt=25.4mm, 1cm=28.453pt)

Package caption Info: Begin \AtBeginDocument code.
Package caption Info: float package is loaded.
Package caption Info: hyperref package is loaded.
Package caption Info: wrapfig package is loaded.
Package caption Info: End \AtBeginDocument code.
(/usr/share/texlive/texmf-dist/tex/context/base/mkii/supp-pdf.mkii
[Loading MPS to PDF converter (version 2006.09.02).]
\scratchcounter=\count457
\scratchdimen=\dimen265
\scratchbox=\box112
\nofMPsegments=\count458
\nofMParguments=\count459
\everyMPshowfont=\toks47
\MPscratchCnt=\count460
\MPscratchDim=\dimen266
\MPnumerator=\count461
\makeMPintoPDFobject=\count462
\everyMPtoPDFconversion=\toks48
) (/usr/share/texlive/texmf-dist/tex/latex/epstopdf-pkg/epstopdf-base.sty
Package: epstopdf-base 2020-01-24 v2.11 Base part for package epstopdf
Package epstopdf-base Info: Redefining graphics rule for `.eps' on input line 4
85.

(/usr/share/texlive/texmf-dist/tex/latex/latexconfig/epstopdf-sys.cfg
File: epstopdf-sys.cfg 2010/07/13 v1.3 Configuration of (r)epstopdf for TeX Liv
e
))
\AtBeginShipoutBox=\box113
Package hyperref Info: Link coloring ON on input line 77.

(/usr/share/texlive/texmf-dist/tex/latex/hyperref/nameref.sty
Package: nameref 2019/09/16 v2.46 Cross-referencing by name of section

(/usr/share/texlive/texmf-dist/tex/latex/refcount/refcount.sty
Package: refcount 2019/12/15 v3.6 Data extraction from label references (HO)
)
(/usr/share/texlive/texmf-dist/tex/generic/gettitlestring/gettitlestring.sty
Package: gettitlestring 2019/12/15 v1.6 Cleanup title references (HO)
)
\c@section@level=\count463
)
LaTeX Info: Redefining \ref on input line 77.
LaTeX Info: Redefining \pageref on input line 77.
LaTeX Info: Redefining \nameref on input line 77.

(build//main.out) (build//main.out)
\@outlinefile=\write8
\openout8 = `main.out'.

Package biblatex Info: Trying to load language 'vietnamese'...
Package biblatex Info: ... file 'vietnamese.lbx' not found.


Package biblatex Warning: Language 'vietnamese' not supported.
(biblatex)                Using fallback language 'english' on input line 77.

Package biblatex Info: Trying to load language 'english'...
Package biblatex Info: ... file 'english.lbx' found.
(/usr/share/texlive/texmf-dist/tex/latex/biblatex/lbx/english.lbx
File: english.lbx 2019/12/01 v3.14 biblatex localization (PK/MW)
)
Package biblatex Info: Input encoding 'utf8' detected.
Package biblatex Info: Automatic encoding selection.
(biblatex)             Assuming data encoding 'utf8'.
\openout4 = `main.bcf'.

Package biblatex Info: Trying to load bibliographic data...
Package biblatex Info: ... file 'main.bbl' found.

(build//main.bbl)
Package biblatex Info: Reference section=0 on input line 77.
Package biblatex Info: Reference segment=0 on input line 77.
\openout2 = `titlepage.aux'.

 (./titlepage.tex

LaTeX Font Warning: Font shape `OT1/cmr/m/n' in size <13> not available
(Font)              size <12> substituted on input line 6.

<../figures/hust-soict-logo.png, id=100, 572.89032pt x 436.63126pt>
File: ../figures/hust-soict-logo.png Graphic file (type png)
<use ../figures/hust-soict-logo.png>
Package pdftex.def Info: ../figures/hust-soict-logo.png  used on input line 9.
(pdftex.def)             Requested size: 200.5146pt x 152.82323pt.

LaTeX Font Warning: Font shape `OT1/cmr/m/n' in size <22> not available
(Font)              size <20.74> substituted on input line 15.


LaTeX Font Warning: Font shape `OT1/cmr/m/n' in size <15> not available
(Font)              size <14.4> substituted on input line 16.


LaTeX Font Warning: Font shape `OT1/cmr/bx/n' in size <15> not available
(Font)              size <14.4> substituted on input line 17.

LaTeX Font Info:    Trying to load font information for U+msa on input line 19.

(/usr/share/texlive/texmf-dist/tex/latex/amsfonts/umsa.fd
File: umsa.fd 2013/01/14 v3.01 AMS symbols A
)
LaTeX Font Info:    Trying to load font information for U+msb on input line 19.


(/usr/share/texlive/texmf-dist/tex/latex/amsfonts/umsb.fd
File: umsb.fd 2013/01/14 v3.01 AMS symbols B
)) [1

\openout5 = `main.ist'.


{/var/lib/texmf/fonts/map/pdftex/updmap/pdftex.map} <../figures/hust-soict-logo
.png>]
\openout2 = `requirements.aux'.


(./requirements.tex
Overfull \hbox (1.08444pt too wide) in paragraph at lines 9--10
[]\OT1/cmr/bx/n/12 Email: \OT1/cmr/m/n/12 20146488@stu-dent.hust.edu.vn 
 []


Underfull \hbox (badness 10000) in paragraph at lines 37--50

 []


Underfull \hbox (badness 10000) in paragraph at lines 37--50

 []


Overfull \hbox (2.61108pt too wide) in paragraph at lines 37--50
[]$ [] 
 []


Package Fancyhdr Warning: \headheight is too small (12.0pt): 
Make it at least 14.49998pt.
We now make it that large for the rest of the document.
This may cause the page layout to be inconsistent, however.

[1



]
Underfull \hbox (badness 10000) in paragraph at lines 52--61

 []


Overfull \hbox (2.61108pt too wide) in paragraph at lines 52--61
[]$ [] 
 []

) [2]
\openout2 = `acknowledgement.aux'.

 (./acknowledgement.tex)
Overfull \hbox (38.17702pt too wide) in paragraph at lines 31--82
[]$[]$ [] 
 []

[3



]
\openout2 = `abstract-vi.aux'.

 (./abstract-vi.tex) [4



] [5]
\openout2 = `abstract-en.aux'.

 (./abstract-en.tex) [6



]
\openout2 = `summary.aux'.

 (./summary.tex)
[7



] (build//main.toc)
\tf@toc=\write9
\openout9 = `main.toc'.

pdfTeX warning (ext4): destination with the same identifier (name{page.1}) has 
been already used, duplicate ignored
<to be read again> 
                   \relax 
l.88 \clearpage
                [1

] (build//main.lof
Overfull \hbox (17.89252pt too wide) in paragraph at lines 33--33
 [][] [][][]\OT1/cmr/m/n/12 Ground truth used for the as-sess-ment: \OT1/cmr/m/
it/12 ``full[]reference'' \OT1/cmr/m/n/12 (left), \OT1/cmr/m/it/12 ``no[]bounda
ry'' 
 []

[2

]
Overfull \hbox (6.95412pt too wide) in paragraph at lines 125--125
 [][] [][][][]\OT1/cmr/m/n/12 FCN-8s-ResNet101-5c-v3.0 per-forms slightly bet-t
er than []FCN-8s-VGG19- 
 []

[3])
\tf@lof=\write10
\openout10 = `main.lof'.

 [4] (build//main.lot
Overfull \hbox (6.23547pt too wide) in paragraph at lines 41--41
 [][] [][][][]\OT1/cmr/m/n/12 FCN-8s-ResNet101-5c-v3.2 con-fu-sion ma-trix on n
o[]boundary []ground truths.[][] []  
 []


Overfull \hbox (6.23547pt too wide) in paragraph at lines 45--45
 [][] [][][][]\OT1/cmr/m/n/12 FCN-4s-ResNet101-5c-v3.3 con-fu-sion ma-trix on n
o[]boundary []ground truths.[][] []  
 []


Overfull \hbox (6.23547pt too wide) in paragraph at lines 53--53
 [][] [][][][]\OT1/cmr/m/n/12 FCN-4s-ResNet101-6c-v3.3 con-fu-sion ma-trix on n
o[]boundary []ground truths.[][] []  
 []

)
\tf@lot=\write11
\openout11 = `main.lot'.

 [5

] (build//main.acr [6



]) (build//main.gls [7]) [8


]
\openout2 = `chapter1.aux'.

 (./chapter1.tex
Chapter 1.
(./section1.1.tex
Overfull \hbox (0.67804pt too wide) in paragraph at lines 1--1
[]\OT1/cmr/bx/n/17.28 Introduction to []Re-mote sens-ing and []Aerial pho-
 []


Package hyperref Warning: Token not allowed in a PDF string (PDFDocEncoding):
(hyperref)                removing `\Gls' on input line 1.


Package hyperref Warning: Token not allowed in a PDF string (PDFDocEncoding):
(hyperref)                removing `\Gls' on input line 1.

<../figures/deathvalley.jpg, id=463, 1204.5pt x 2510.37875pt>
File: ../figures/deathvalley.jpg Graphic file (type jpg)
<use ../figures/deathvalley.jpg>
Package pdftex.def Info: ../figures/deathvalley.jpg  used on input line 16.
(pdftex.def)             Requested size: 110.25443pt x 229.75487pt.

LaTeX Warning: `h' float specifier changed to `ht'.

<../figures/overview.png, id=467, 474.77374pt x 797.98125pt>
File: ../figures/overview.png Graphic file (type png)
<use ../figures/overview.png>
Package pdftex.def Info: ../figures/overview.png  used on input line 38.
(pdftex.def)             Requested size: 132.30666pt x 222.37389pt.
[9



] [10 <../figures/deathvalley.jpg> <../figures/overview.png>]
<../figures/expanded.png, id=481, 1399.2275pt x 988.69376pt>
File: ../figures/expanded.png Graphic file (type png)
<use ../figures/expanded.png>
Package pdftex.def Info: ../figures/expanded.png  used on input line 79.
(pdftex.def)             Requested size: 441.01773pt x 311.62122pt.
<../figures/Leuchtturm_in_Westerheversand_crop.jpg, id=486, 1809.76125pt x 1452
.42625pt>
File: ../figures/Leuchtturm_in_Westerheversand_crop.jpg Graphic file (type jpg)

<use ../figures/Leuchtturm_in_Westerheversand_crop.jpg>
Package pdftex.def Info: ../figures/Leuchtturm_in_Westerheversand_crop.jpg  use
d on input line 98.
(pdftex.def)             Requested size: 330.76329pt x 265.4368pt.
 [11 <../figures/expanded.png>]
<../figures/three_arch_bay.jpg, id=496, 1830.84pt x 1373.13pt>
File: ../figures/three_arch_bay.jpg Graphic file (type jpg)
<use ../figures/three_arch_bay.jpg>
Package pdftex.def Info: ../figures/three_arch_bay.jpg  used on input line 116.

(pdftex.def)             Requested size: 330.76329pt x 248.07463pt.
) (./section1.2.tex

LaTeX Warning: `h' float specifier changed to `ht'.

<../figures/football_segmentation.png, id=500, 1488.56125pt x 527.9725pt>
File: ../figures/football_segmentation.png Graphic file (type png)
<use ../figures/football_segmentation.png>
Package pdftex.def Info: ../figures/football_segmentation.png  used on input li
ne 16.
(pdftex.def)             Requested size: 441.01773pt x 156.41919pt.
[12 <../figures/Leuchtturm_in_Westerheversand_crop.jpg>]

LaTeX Warning: `h' float specifier changed to `ht'.

<../figures/line_segments.png, id=514, 1489.565pt x 705.63625pt>
File: ../figures/line_segments.png Graphic file (type png)
<use ../figures/line_segments.png>
Package pdftex.def Info: ../figures/line_segments.png  used on input line 44.
(pdftex.def)             Requested size: 441.01773pt x 208.91458pt.
<../figures/face_extraction.png, id=517, 1905.1175pt x 849.1725pt>
File: ../figures/face_extraction.png Graphic file (type png)
<use ../figures/face_extraction.png>
Package pdftex.def Info: ../figures/face_extraction.png  used on input line 52.

(pdftex.def)             Requested size: 441.01773pt x 196.57538pt.
[13 <../figures/three_arch_bay.jpg>]

LaTeX Warning: `h' float specifier changed to `ht'.

[14 <../figures/football_segmentation.png> <../figures/line_segments.png>]
<../figures/semanticsegmentation_transferlearning.png, id=542, 552.0625pt x 249
.93375pt>
File: ../figures/semanticsegmentation_transferlearning.png Graphic file (type p
ng)
<use ../figures/semanticsegmentation_transferlearning.png>
Package pdftex.def Info: ../figures/semanticsegmentation_transferlearning.png  
used on input line 99.
(pdftex.def)             Requested size: 441.01773pt x 199.66887pt.


LaTeX Warning: `h' float specifier changed to `ht'.

<../figures/sms.png, id=547, 1257.69875pt x 751.80875pt>
File: ../figures/sms.png Graphic file (type png)
<use ../figures/sms.png>
Package pdftex.def Info: ../figures/sms.png  used on input line 123.
(pdftex.def)             Requested size: 441.01773pt x 263.6188pt.
[15 <../figures/face_extraction.png>]
<../figures/medical.png, id=561, 508.90125pt x 1027.84pt>
File: ../figures/medical.png Graphic file (type png)
<use ../figures/medical.png>
Package pdftex.def Info: ../figures/medical.png  used on input line 138.
(pdftex.def)             Requested size: 110.25443pt x 222.67511pt.
) (./section1.3.tex [16 <../figures/semanticsegmentation_transferlearning.png> 
<../figures/sms.png>]
<../figures/examples_top_dsm_gts.png, id=568, 1032.85875pt x 406.51875pt>
File: ../figures/examples_top_dsm_gts.png Graphic file (type png)
<use ../figures/examples_top_dsm_gts.png>
Package pdftex.def Info: ../figures/examples_top_dsm_gts.png  used on input lin
e 14.
(pdftex.def)             Requested size: 441.01773pt x 173.57767pt.


LaTeX Warning: `h' float specifier changed to `ht'.

[17 <../figures/medical.png>] [18 <../figures/examples_top_dsm_gts.PNG>]
<../figures/gts_full_vs_eroded_example.jpg, id=588, 832.61063pt x 564.60938pt>
File: ../figures/gts_full_vs_eroded_example.jpg Graphic file (type jpg)
<use ../figures/gts_full_vs_eroded_example.jpg>
Package pdftex.def Info: ../figures/gts_full_vs_eroded_example.jpg  used on inp
ut line 99.
(pdftex.def)             Requested size: 396.91325pt x 269.15714pt.

Underfull \hbox (badness 2150) in paragraph at lines 104--104
[]\OT1/cmr/m/n/12 Figure 1.13: |Ground truth used for the as-sess-ment: \OT1/cm
r/m/it/12 ``full[]reference'' \OT1/cmr/m/n/12 (left),
 []


LaTeX Warning: `h' float specifier changed to `ht'.

[19])) [20 <../figures/gts_full_vs_eroded_example.jpg>]
\openout2 = `chapter2.aux'.

 (./chapter2.tex
Chapter 2.
(./section2.1.tex
<../figures/cifar10.png, id=608, 1427.3325pt x 1088.065pt>
File: ../figures/cifar10.png Graphic file (type png)
<use ../figures/cifar10.png>
Package pdftex.def Info: ../figures/cifar10.png  used on input line 35.
(pdftex.def)             Requested size: 441.01773pt x 336.1843pt.
 [21



]
<../figures/deepface.jpg, id=630, 2902.845pt x 607.26875pt>
File: ../figures/deepface.jpg Graphic file (type jpg)
<use ../figures/deepface.jpg>
Package pdftex.def Info: ../figures/deepface.jpg  used on input line 66.
(pdftex.def)             Requested size: 441.01773pt x 92.2539pt.
 [22 <../figures/cifar10.png (PNG copy)>]
<../figures/linear_regression.png, id=641, 678.28406pt x 503.63156pt>
File: ../figures/linear_regression.png Graphic file (type png)
<use ../figures/linear_regression.png>
Package pdftex.def Info: ../figures/linear_regression.png  used on input line 8
5.
(pdftex.def)             Requested size: 441.01773pt x 327.45653pt.
 [23 <../figures/deepface.jpg> <../figures/linear_regression.png>]
<../figures/kmeans.png, id=651, 702.625pt x 451.6875pt>
File: ../figures/kmeans.png Graphic file (type png)
<use ../figures/kmeans.png>
Package pdftex.def Info: ../figures/kmeans.png  used on input line 162.
(pdftex.def)             Requested size: 441.01773pt x 283.51701pt.
 [24] [25 <../figures/kmeans.png>] [26]
<../figures/End-to-end-speech-recognition.png, id=679, 541.02126pt x 843.15pt>
File: ../figures/End-to-end-speech-recognition.png Graphic file (type png)
<use ../figures/End-to-end-speech-recognition.png>
Package pdftex.def Info: ../figures/End-to-end-speech-recognition.png  used on 
input line 282.
(pdftex.def)             Requested size: 220.50887pt x 343.64813pt.
 [27 <../figures/End-to-end-speech-recognition.png>] [28]
<../figures/capacity.png, id=693, 959.83594pt x 475.02469pt>
File: ../figures/capacity.png Graphic file (type png)
<use ../figures/capacity.png>
Package pdftex.def Info: ../figures/capacity.png  used on input line 409.
(pdftex.def)             Requested size: 441.01773pt x 218.26031pt.
 [29]
[30 <../figures/capacity.png>]
<../figures/mnist.png, id=711, 899.36pt x 442.65375pt>
File: ../figures/mnist.png Graphic file (type png)
<use ../figures/mnist.png>
Package pdftex.def Info: ../figures/mnist.png  used on input line 448.
(pdftex.def)             Requested size: 218.30162pt x 107.44133pt.
<../figures/imagenet.png, id=712, 611.28375pt x 360.34625pt>
File: ../figures/imagenet.png Graphic file (type png)
<use ../figures/imagenet.png>
Package pdftex.def Info: ../figures/imagenet.png  used on input line 452.
(pdftex.def)             Requested size: 218.30162pt x 128.68533pt.
) (./section2.2.tex
<../figures/computational_graph.png, id=713, 1177.39874pt x 549.05125pt>
File: ../figures/computational_graph.png Graphic file (type png)
<use ../figures/computational_graph.png>
Package pdftex.def Info: ../figures/computational_graph.png  used on input line
 19.
(pdftex.def)             Requested size: 330.76329pt x 154.24434pt.


LaTeX Warning: `h' float specifier changed to `ht'.

<../figures/mlp-network.png, id=716, 599.23875pt x 325.215pt>
File: ../figures/mlp-network.png Graphic file (type png)
<use ../figures/mlp-network.png>
Package pdftex.def Info: ../figures/mlp-network.png  used on input line 50.
(pdftex.def)             Requested size: 441.01773pt x 239.35022pt.
[31 <../figures/mnist.png> <../figures/imagenet.png>]

LaTeX Warning: `h' float specifier changed to `ht'.

<../figures/biological_neuron.png, id=729, 760.8425pt x 325.215pt>
File: ../figures/biological_neuron.png Graphic file (type png)
<use ../figures/biological_neuron.png>
Package pdftex.def Info: ../figures/biological_neuron.png  used on input line 7
9.
(pdftex.def)             Requested size: 218.30162pt x 93.31248pt.
<../figures/neuron_model.jpeg, id=730, 661.47125pt x 377.41pt>
File: ../figures/neuron_model.jpeg Graphic file (type jpg)
<use ../figures/neuron_model.jpeg>
Package pdftex.def Info: ../figures/neuron_model.jpeg  used on input line 83.
(pdftex.def)             Requested size: 218.30162pt x 124.55144pt.
[32 <../figures/computational_graph.png>]
<../figures/convex.png, id=739, 437.635pt x 275.0275pt>
File: ../figures/convex.png Graphic file (type png)
<use ../figures/convex.png>
Package pdftex.def Info: ../figures/convex.png  used on input line 118.
(pdftex.def)             Requested size: 218.30162pt x 137.19026pt.
<../figures/nonconvex.jpg, id=740, 500.46976pt x 383.031pt>
File: ../figures/nonconvex.jpg Graphic file (type jpg)
<use ../figures/nonconvex.jpg>
Package pdftex.def Info: ../figures/nonconvex.jpg  used on input line 122.
(pdftex.def)             Requested size: 218.30162pt x 167.07886pt.
 [33 <../figures/mlp-network.png> <../figures/biological_neuron.png> <../figure
s/neuron_model.jpeg>] [34 <../figures/convex.png (PNG copy)> <../figures/noncon
vex.jpg>]) (./section2.3.tex

Package hyperref Warning: Token not allowed in a PDF string (PDFDocEncoding):
(hyperref)                removing `\acrlong' on input line 1.

[35]
<../figures/neural_net2.jpeg, id=762, 793.96625pt x 389.455pt>
File: ../figures/neural_net2.jpeg Graphic file (type jpg)
<use ../figures/neural_net2.jpeg>
Package pdftex.def Info: ../figures/neural_net2.jpeg  used on input line 55.
(pdftex.def)             Requested size: 218.30162pt x 107.07965pt.
<../figures/cnn.jpeg, id=763, 571.13374pt x 202.7575pt>
File: ../figures/cnn.jpeg Graphic file (type jpg)
<use ../figures/cnn.jpeg>
Package pdftex.def Info: ../figures/cnn.jpeg  used on input line 59.
(pdftex.def)             Requested size: 218.30162pt x 77.49725pt.
 [36 <../figures/neural_net2.jpeg> <../figures/cnn.jpeg>]
Overfull \hbox (16.1882pt too wide) in paragraph at lines 130--133
[]\OT1/cmr/m/n/12 Each layer may or may not have ad-di-tional hy-per-pa-ram-e-t
ers (e.g. []CONV/[]FC/[]POOL
 []

<../figures/convnet.jpeg, id=771, 1259.70625pt x 603.25375pt>
File: ../figures/convnet.jpeg Graphic file (type jpg)
<use ../figures/convnet.jpeg>
Package pdftex.def Info: ../figures/convnet.jpeg  used on input line 136.
(pdftex.def)             Requested size: 441.01773pt x 211.1972pt.

LaTeX Warning: `h' float specifier changed to `ht'.

[37]
<../figures/depthcol.jpeg, id=778, 465.74pt x 327.2225pt>
File: ../figures/depthcol.jpeg Graphic file (type jpg)
<use ../figures/depthcol.jpeg>
Package pdftex.def Info: ../figures/depthcol.jpeg  used on input line 179.
(pdftex.def)             Requested size: 220.50887pt x 154.923pt.
 [38 <../figures/convnet.jpeg>]
<../figures/cnn2.jpeg, id=785, 629.35126pt x 248.93pt>
File: ../figures/cnn2.jpeg Graphic file (type jpg)
<use ../figures/cnn2.jpeg>
Package pdftex.def Info: ../figures/cnn2.jpeg  used on input line 212.
(pdftex.def)             Requested size: 441.01773pt x 174.43591pt.


LaTeX Warning: `h' float specifier changed to `ht'.

[39 <../figures/depthcol.jpeg>]
<../figures/conv_step1.png, id=798, 825.0825pt x 734.745pt>
File: ../figures/conv_step1.png Graphic file (type png)
<use ../figures/conv_step1.png>
Package pdftex.def Info: ../figures/conv_step1.png  used on input line 274.
(pdftex.def)             Requested size: 143.3294pt x 127.62933pt.
<../figures/conv_step2.png, id=799, 825.0825pt x 734.745pt>
File: ../figures/conv_step2.png Graphic file (type png)
<use ../figures/conv_step2.png>
Package pdftex.def Info: ../figures/conv_step2.png  used on input line 278.
(pdftex.def)             Requested size: 143.3294pt x 127.62933pt.
<../figures/conv_step3.png, id=800, 825.0825pt x 734.745pt>
File: ../figures/conv_step3.png Graphic file (type png)
<use ../figures/conv_step3.png>
Package pdftex.def Info: ../figures/conv_step3.png  used on input line 282.
(pdftex.def)             Requested size: 143.3294pt x 127.62933pt.
<../figures/conv_step4.png, id=801, 825.0825pt x 734.745pt>
File: ../figures/conv_step4.png Graphic file (type png)
<use ../figures/conv_step4.png>
Package pdftex.def Info: ../figures/conv_step4.png  used on input line 286.
(pdftex.def)             Requested size: 143.3294pt x 127.62933pt.
<../figures/conv_step5.png, id=802, 825.0825pt x 734.745pt>
File: ../figures/conv_step5.png Graphic file (type png)
<use ../figures/conv_step5.png>
Package pdftex.def Info: ../figures/conv_step5.png  used on input line 290.
(pdftex.def)             Requested size: 143.3294pt x 127.62933pt.
<../figures/conv_step6.png, id=803, 825.0825pt x 734.745pt>
File: ../figures/conv_step6.png Graphic file (type png)
<use ../figures/conv_step6.png>
Package pdftex.def Info: ../figures/conv_step6.png  used on input line 294.
(pdftex.def)             Requested size: 143.3294pt x 127.62933pt.
<../figures/conv_step7.png, id=804, 825.0825pt x 734.745pt>
File: ../figures/conv_step7.png Graphic file (type png)
<use ../figures/conv_step7.png>
Package pdftex.def Info: ../figures/conv_step7.png  used on input line 298.
(pdftex.def)             Requested size: 143.3294pt x 127.62933pt.
<../figures/conv_step8.png, id=805, 825.0825pt x 734.745pt>
File: ../figures/conv_step8.png Graphic file (type png)
<use ../figures/conv_step8.png>
Package pdftex.def Info: ../figures/conv_step8.png  used on input line 302.
(pdftex.def)             Requested size: 143.3294pt x 127.62933pt.
<../figures/conv_step9.png, id=806, 825.0825pt x 734.745pt>
File: ../figures/conv_step9.png Graphic file (type png)
<use ../figures/conv_step9.png>
Package pdftex.def Info: ../figures/conv_step9.png  used on input line 306.
(pdftex.def)             Requested size: 143.3294pt x 127.62933pt.
 [40 <../figures/cnn2.jpeg>] [41 <../figures/conv_step1.png> <../figures/conv_s
tep2.png (PNG copy)> <../figures/conv_step3.png (PNG copy)> <../figures/conv_st
ep4.png (PNG copy)> <../figures/conv_step5.png (PNG copy)> <../figures/conv_ste
p6.png (PNG copy)> <../figures/conv_step7.png (PNG copy)> <../figures/conv_step
8.png (PNG copy)> <../figures/conv_step9.png (PNG copy)>]
<../figures/pool.jpeg, id=818, 515.9275pt x 407.5225pt>
File: ../figures/pool.jpeg Graphic file (type jpg)
<use ../figures/pool.jpeg>
Package pdftex.def Info: ../figures/pool.jpeg  used on input line 352.
(pdftex.def)             Requested size: 172.49461pt x 136.24883pt.
<../figures/maxpool.jpeg, id=819, 789.95125pt x 369.38pt>
File: ../figures/maxpool.jpeg Graphic file (type jpg)
<use ../figures/maxpool.jpeg>
Package pdftex.def Info: ../figures/maxpool.jpeg  used on input line 356.
(pdftex.def)             Requested size: 264.11534pt x 123.49648pt.
 [42 <../figures/pool.jpeg> <../figures/maxpool.jpeg>]
<../figures/batchnorm.png, id=826, 982.67125pt x 692.5875pt>
File: ../figures/batchnorm.png Graphic file (type png)
<use ../figures/batchnorm.png>
Package pdftex.def Info: ../figures/batchnorm.png  used on input line 385.
(pdftex.def)             Requested size: 330.76329pt x 233.11996pt.
 [43 <../figures/batchnorm.png>] [44]
<../figures/lenet5.png, id=842, 761.84625pt x 209.78375pt>
File: ../figures/lenet5.png Graphic file (type png)
<use ../figures/lenet5.png>
Package pdftex.def Info: ../figures/lenet5.png  used on input line 485.
(pdftex.def)             Requested size: 441.01773pt x 121.43776pt.
<../figures/alexnet.png, id=849, 688.5725pt x 221.82875pt>
File: ../figures/alexnet.png Graphic file (type png)
<use ../figures/alexnet.png>
Package pdftex.def Info: ../figures/alexnet.png  used on input line 499.
(pdftex.def)             Requested size: 441.01773pt x 142.07822pt.


LaTeX Warning: `h' float specifier changed to `ht'.

<../figures/vgg16.png, id=855, 471.7625pt x 277.035pt>
File: ../figures/vgg16.png Graphic file (type png)
<use ../figures/vgg16.png>
Package pdftex.def Info: ../figures/vgg16.png  used on input line 521.
(pdftex.def)             Requested size: 330.76329pt x 194.23598pt.
[45 <../figures/lenet5.png>]
<../figures/resnets.png, id=870, 1204.5pt x 340.27126pt>
File: ../figures/resnets.png Graphic file (type png)
<use ../figures/resnets.png>
Package pdftex.def Info: ../figures/resnets.png  used on input line 540.
(pdftex.def)             Requested size: 441.01773pt x 124.58997pt.
<../figures/ilsvrc.png, id=871, 723.70375pt x 396.48125pt>
File: ../figures/ilsvrc.png Graphic file (type png)
<use ../figures/ilsvrc.png>
Package pdftex.def Info: ../figures/ilsvrc.png  used on input line 546.
(pdftex.def)             Requested size: 441.01773pt x 241.6112pt.
)) [46 <../figures/alexnet.png (PNG copy)> <../figures/vgg16.png (PNG copy)>] [
47 <../figures/resnets.png> <../figures/ilsvrc.png (PNG copy)>]
\openout2 = `chapter3.aux'.

 (./chapter3.tex
Chapter 3.
(./section3.1.tex
<../figures/convnets_classification.png, id=890, 898.35625pt x 258.9675pt>
File: ../figures/convnets_classification.png Graphic file (type png)
<use ../figures/convnets_classification.png>
Package pdftex.def Info: ../figures/convnets_classification.png  used on input 
line 10.
(pdftex.def)             Requested size: 441.01773pt x 127.13226pt.
<../figures/rob3_new6-1.jpg, id=894, 2021.5525pt x 2797.45125pt>
File: ../figures/rob3_new6-1.jpg Graphic file (type jpg)
<use ../figures/rob3_new6-1.jpg>
Package pdftex.def Info: ../figures/rob3_new6-1.jpg  used on input line 34.
(pdftex.def)             Requested size: 330.76329pt x 457.71783pt.
 [48



 <../figures/convnets_classification.png>]
<../figures/convolutionalisation.png, id=905, 1170.3725pt x 665.48625pt>
File: ../figures/convolutionalisation.png Graphic file (type png)
<use ../figures/convolutionalisation.png>
Package pdftex.def Info: ../figures/convolutionalisation.png  used on input lin
e 70.
(pdftex.def)             Requested size: 441.01773pt x 250.7651pt.
 [49 <../figures/rob3_new6-1.jpg>] [50 <../figures/convolutionalisation.png>]
Underfull \hbox (badness 10000) in paragraph at lines 123--123
[]\OT1/cmr/m/n/12 Table 3.2:
 []


Underfull \hbox (badness 3009) in paragraph at lines 123--123
|\OT1/cmr/m/n/12 VGG19 con-fig-
 []

<../figures/skip_resnet.png, id=925, 655.44875pt x 366.36874pt>
File: ../figures/skip_resnet.png Graphic file (type png)
<use ../figures/skip_resnet.png>
Package pdftex.def Info: ../figures/skip_resnet.png  used on input line 171.
(pdftex.def)             Requested size: 220.50887pt x 123.25558pt.

LaTeX Warning: `h' float specifier changed to `ht'.

<../figures/resnet_configs.png, id=928, 1672.2475pt x 719.68875pt>
File: ../figures/resnet_configs.png Graphic file (type png)
<use ../figures/resnet_configs.png>
Package pdftex.def Info: ../figures/resnet_configs.png  used on input line 190.

(pdftex.def)             Requested size: 441.01773pt x 189.79416pt.
[51]
<../figures/conv-bn-relu.png, id=936, 677.53125pt x 69.25874pt>
File: ../figures/conv-bn-relu.png Graphic file (type png)
<use ../figures/conv-bn-relu.png>
Package pdftex.def Info: ../figures/conv-bn-relu.png  used on input line 197.
(pdftex.def)             Requested size: 330.76329pt x 33.81236pt.
<../figures/normal_skip_resnet.png, id=939, 731.73375pt x 156.585pt>
File: ../figures/normal_skip_resnet.png Graphic file (type png)
<use ../figures/normal_skip_resnet.png>
Package pdftex.def Info: ../figures/normal_skip_resnet.png  used on input line 
223.
(pdftex.def)             Requested size: 441.01773pt x 94.37462pt.
<../figures/special_skip_resnet.png, id=940, 649.42625pt x 191.71625pt>
File: ../figures/special_skip_resnet.png Graphic file (type png)
<use ../figures/special_skip_resnet.png>
Package pdftex.def Info: ../figures/special_skip_resnet.png  used on input line
 227.
(pdftex.def)             Requested size: 441.01773pt x 130.19565pt.
 [52 <../figures/skip_resnet.png> <../figures/resnet_configs.png> <../figures/c
onv-bn-relu.png>]
<../figures/nearest_neighbour.png, id=951, 1281.78876pt x 715.67375pt>
File: ../figures/nearest_neighbour.png Graphic file (type png)
<use ../figures/nearest_neighbour.png>
Package pdftex.def Info: ../figures/nearest_neighbour.png  used on input line 2
57.
(pdftex.def)             Requested size: 218.30162pt x 121.88133pt.
<../figures/bed_of_nails.png, id=952, 1276.77pt x 710.655pt>
File: ../figures/bed_of_nails.png Graphic file (type png)
<use ../figures/bed_of_nails.png>
Package pdftex.def Info: ../figures/bed_of_nails.png  used on input line 261.
(pdftex.def)             Requested size: 218.30162pt x 121.50374pt.
 [53 <../figures/normal_skip_resnet.png> <../figures/special_skip_resnet.png>]
<../figures/max_unpooling.png, id=963, 1249.66875pt x 546.04pt>
File: ../figures/max_unpooling.png Graphic file (type png)
<use ../figures/max_unpooling.png>
Package pdftex.def Info: ../figures/max_unpooling.png  used on input line 279.
(pdftex.def)             Requested size: 441.01773pt x 192.69992pt.
<../figures/transpose_conv_1.png, id=967, 1091.07625pt x 690.58pt>
File: ../figures/transpose_conv_1.png Graphic file (type png)
<use ../figures/transpose_conv_1.png>
Package pdftex.def Info: ../figures/transpose_conv_1.png  used on input line 30
1.
(pdftex.def)             Requested size: 194.04887pt x 122.81326pt.
<../figures/transpose_conv_2.png, id=968, 1150.2975pt x 498.86375pt>
File: ../figures/transpose_conv_2.png Graphic file (type png)
<use ../figures/transpose_conv_2.png>
Package pdftex.def Info: ../figures/transpose_conv_2.png  used on input line 30
5.
(pdftex.def)             Requested size: 242.5611pt x 105.19075pt.
 [54 <../figures/nearest_neighbour.png> <../figures/bed_of_nails.png> <../figur
es/max_unpooling.png>]
<../figures/skiplayer_refinement.png, id=978, 946.53625pt x 346.29375pt>
File: ../figures/skiplayer_refinement.png Graphic file (type png)
<use ../figures/skiplayer_refinement.png>
Package pdftex.def Info: ../figures/skiplayer_refinement.png  used on input lin
e 324.
(pdftex.def)             Requested size: 441.01773pt x 161.34724pt.
<../figures/skip_layers.png, id=980, 894.34125pt x 369.38pt>
File: ../figures/skip_layers.png Graphic file (type png)
<use ../figures/skip_layers.png>
Package pdftex.def Info: ../figures/skip_layers.png  used on input line 344.
(pdftex.def)             Requested size: 441.01773pt x 182.15321pt.
 [55 <../figures/transpose_conv_1.png> <../figures/transpose_conv_2.png> <../fi
gures/skiplayer_refinement.png>])
(./section3.2.tex [56 <../figures/skip_layers.png>]
<../figures/fcn-8s-vgg.png, id=999, 1204.5pt x 562.1pt>
File: ../figures/fcn-8s-vgg.png Graphic file (type png)
<use ../figures/fcn-8s-vgg.png>
Package pdftex.def Info: ../figures/fcn-8s-vgg.png  used on input line 30.
(pdftex.def)             Requested size: 441.01773pt x 205.81235pt.
<../figures/fcn-4s-resnet101.png, id=1001, 1225.57875pt x 629.35126pt>
File: ../figures/fcn-4s-resnet101.png Graphic file (type png)
<use ../figures/fcn-4s-resnet101.png>
Package pdftex.def Info: ../figures/fcn-4s-resnet101.png  used on input line 47
.
(pdftex.def)             Requested size: 441.01773pt x 226.47025pt.
 [57 <../figures/fcn-8s-vgg.png (PNG copy)>]
<../figures/dropout.jpeg, id=1010, 616.3025pt x 329.23pt>
File: ../figures/dropout.jpeg Graphic file (type jpg)
<use ../figures/dropout.jpeg>
Package pdftex.def Info: ../figures/dropout.jpeg  used on input line 62.
(pdftex.def)             Requested size: 330.76329pt x 176.69644pt.


LaTeX Warning: `h' float specifier changed to `ht'.

[58 <../figures/fcn-4s-resnet101.png>]
Overfull \hbox (3.91246pt too wide) in paragraph at lines 89--89
[]|\OT1/cmr/m/n/12 Vaihingen|  
 []

) (./section3.3.tex [59 <../figures/dropout.jpeg>]
Overfull \hbox (0.28506pt too wide) in paragraph at lines 17--17
[]\OT1/cmr/bx/n/14.4 Output Ten-sor, Loss Func-tion and Op-ti-mi-sa-tion Method
 
 []

[60])) [61]
\openout2 = `chapter4.aux'.

 (./chapter4.tex
Chapter 4.
(./section4.1.tex
<../figures/vaihingen_tiles.jpg, id=1055, 514.17094pt x 645.16031pt>
File: ../figures/vaihingen_tiles.jpg Graphic file (type jpg)
<use ../figures/vaihingen_tiles.jpg>
Package pdftex.def Info: ../figures/vaihingen_tiles.jpg  used on input line 9.
(pdftex.def)             Requested size: 441.01773pt x 553.37993pt.
 [62



] [63 <../figures/vaihingen_tiles.jpg>]
<../figures/vaihingen_2d_table.png, id=1069, 767.86874pt x 610.53094pt>
File: ../figures/vaihingen_2d_table.png Graphic file (type png)
<use ../figures/vaihingen_2d_table.png>
Package pdftex.def Info: ../figures/vaihingen_2d_table.png  used on input line 
49.
(pdftex.def)             Requested size: 441.01773pt x 350.6613pt.
<../figures/potsdam_tiles.png, id=1072, 786.68906pt x 525.46312pt>
File: ../figures/potsdam_tiles.png Graphic file (type png)
<use ../figures/potsdam_tiles.png>
Package pdftex.def Info: ../figures/potsdam_tiles.png  used on input line 68.
(pdftex.def)             Requested size: 441.01773pt x 294.58607pt.
 [64 <../figures/vaihingen_2d_table.png>]
<../figures/potsdam_top_dsm_label.png, id=1081, 869.49844pt x 357.58594pt>
File: ../figures/potsdam_top_dsm_label.png Graphic file (type png)
<use ../figures/potsdam_top_dsm_label.png>
Package pdftex.def Info: ../figures/potsdam_top_dsm_label.png  used on input li
ne 101.
(pdftex.def)             Requested size: 441.01773pt x 181.37335pt.
 [65 <../figures/potsdam_tiles.png>]
<../figures/potsdam_2d_table.png, id=1089, 992.95969pt x 654.94687pt>
File: ../figures/potsdam_2d_table.png Graphic file (type png)
<use ../figures/potsdam_2d_table.png>
Package pdftex.def Info: ../figures/potsdam_2d_table.png  used on input line 12
3.
(pdftex.def)             Requested size: 441.01773pt x 290.8958pt.
) (./section4.2.tex
[66 <../figures/potsdam_top_dsm_label.png> <../figures/potsdam_2d_table.png>]

LaTeX Warning: `h' float specifier changed to `ht'.

[67]
<../figures/augmentation_1.png, id=1105, 224.84pt x 224.84pt>
File: ../figures/augmentation_1.png Graphic file (type png)
<use ../figures/augmentation_1.png>
Package pdftex.def Info: ../figures/augmentation_1.png  used on input line 95.
(pdftex.def)             Requested size: 163.72621pt x 163.73386pt.
<../figures/augmentation_2.png, id=1106, 224.84pt x 224.84pt>
File: ../figures/augmentation_2.png Graphic file (type png)
<use ../figures/augmentation_2.png>
Package pdftex.def Info: ../figures/augmentation_2.png  used on input line 100.

(pdftex.def)             Requested size: 163.72621pt x 163.73386pt.
<../figures/augmentation_3.png, id=1107, 224.84pt x 224.84pt>
File: ../figures/augmentation_3.png Graphic file (type png)
<use ../figures/augmentation_3.png>
Package pdftex.def Info: ../figures/augmentation_3.png  used on input line 105.

(pdftex.def)             Requested size: 163.72621pt x 163.73386pt.
<../figures/augmentation_4.png, id=1108, 224.84pt x 224.84pt>
File: ../figures/augmentation_4.png Graphic file (type png)
<use ../figures/augmentation_4.png>
Package pdftex.def Info: ../figures/augmentation_4.png  used on input line 110.

(pdftex.def)             Requested size: 163.72621pt x 163.73386pt.


LaTeX Warning: `h' float specifier changed to `ht'.

[68]) (./section4.3.tex [69 <../figures/augmentation_1.png (PNG copy)> <../figu
res/augmentation_2.png (PNG copy)> <../figures/augmentation_3.png (PNG copy)> <
../figures/augmentation_4.png (PNG copy)>]
<../figures/plots/FCN-8s-VGG19-5c_and_FCN-8s-VGG19-3c.png, id=1128, 462.528pt x
 346.896pt>
File: ../figures/plots/FCN-8s-VGG19-5c_and_FCN-8s-VGG19-3c.png Graphic file (ty
pe png)
<use ../figures/plots/FCN-8s-VGG19-5c_and_FCN-8s-VGG19-3c.png>
Package pdftex.def Info: ../figures/plots/FCN-8s-VGG19-5c_and_FCN-8s-VGG19-3c.p
ng  used on input line 28.
(pdftex.def)             Requested size: 218.30162pt x 163.72925pt.
<../figures/plots/FCN-8s-VGG19-5c_and_FCN-8s-ResNet101-3c-v1.png, id=1129, 462.
528pt x 346.896pt>
File: ../figures/plots/FCN-8s-VGG19-5c_and_FCN-8s-ResNet101-3c-v1.png Graphic f
ile (type png)
<use ../figures/plots/FCN-8s-VGG19-5c_and_FCN-8s-ResNet101-3c-v1.png>
Package pdftex.def Info: ../figures/plots/FCN-8s-VGG19-5c_and_FCN-8s-ResNet101-
3c-v1.png  used on input line 33.
(pdftex.def)             Requested size: 218.30162pt x 163.72925pt.
<../figures/plots/FCN-8s-VGG19-5c_and_FCN-8s-ResNet101-5c-v1.png, id=1130, 462.
528pt x 346.896pt>
File: ../figures/plots/FCN-8s-VGG19-5c_and_FCN-8s-ResNet101-5c-v1.png Graphic f
ile (type png)
<use ../figures/plots/FCN-8s-VGG19-5c_and_FCN-8s-ResNet101-5c-v1.png>
Package pdftex.def Info: ../figures/plots/FCN-8s-VGG19-5c_and_FCN-8s-ResNet101-
5c-v1.png  used on input line 38.
(pdftex.def)             Requested size: 218.30162pt x 163.72925pt.
<../figures/plots/FCN-8s-VGG19-5c_and_FCN-8s-ResNet101-3c-v20.png, id=1131, 462
.528pt x 346.896pt>
File: ../figures/plots/FCN-8s-VGG19-5c_and_FCN-8s-ResNet101-3c-v20.png Graphic 
file (type png)
<use ../figures/plots/FCN-8s-VGG19-5c_and_FCN-8s-ResNet101-3c-v20.png>
Package pdftex.def Info: ../figures/plots/FCN-8s-VGG19-5c_and_FCN-8s-ResNet101-
3c-v20.png  used on input line 43.
(pdftex.def)             Requested size: 218.30162pt x 163.72925pt.
<../figures/plots/FCN-8s-VGG19-5c_and_FCN-8s-ResNet101-5c-v20.png, id=1132, 462
.528pt x 346.896pt>
File: ../figures/plots/FCN-8s-VGG19-5c_and_FCN-8s-ResNet101-5c-v20.png Graphic 
file (type png)
<use ../figures/plots/FCN-8s-VGG19-5c_and_FCN-8s-ResNet101-5c-v20.png>
Package pdftex.def Info: ../figures/plots/FCN-8s-VGG19-5c_and_FCN-8s-ResNet101-
5c-v20.png  used on input line 51.
(pdftex.def)             Requested size: 218.30162pt x 163.72925pt.
<../figures/plots/FCN-8s-VGG19-5c_and_FCN-8s-ResNet101-3c-v21.png, id=1133, 462
.528pt x 346.896pt>
File: ../figures/plots/FCN-8s-VGG19-5c_and_FCN-8s-ResNet101-3c-v21.png Graphic 
file (type png)
<use ../figures/plots/FCN-8s-VGG19-5c_and_FCN-8s-ResNet101-3c-v21.png>
Package pdftex.def Info: ../figures/plots/FCN-8s-VGG19-5c_and_FCN-8s-ResNet101-
3c-v21.png  used on input line 56.
(pdftex.def)             Requested size: 218.30162pt x 163.72925pt.
<../figures/plots/FCN-8s-VGG19-5c_and_FCN-8s-ResNet101-5c-v21.png, id=1134, 462
.528pt x 346.896pt>
File: ../figures/plots/FCN-8s-VGG19-5c_and_FCN-8s-ResNet101-5c-v21.png Graphic 
file (type png)
<use ../figures/plots/FCN-8s-VGG19-5c_and_FCN-8s-ResNet101-5c-v21.png>
Package pdftex.def Info: ../figures/plots/FCN-8s-VGG19-5c_and_FCN-8s-ResNet101-
5c-v21.png  used on input line 61.
(pdftex.def)             Requested size: 218.30162pt x 163.72925pt.
<../figures/plots/FCN-8s-VGG19-5c_and_FCN-8s-ResNet101-3c-v22.png, id=1135, 462
.528pt x 346.896pt>
File: ../figures/plots/FCN-8s-VGG19-5c_and_FCN-8s-ResNet101-3c-v22.png Graphic 
file (type png)
<use ../figures/plots/FCN-8s-VGG19-5c_and_FCN-8s-ResNet101-3c-v22.png>
Package pdftex.def Info: ../figures/plots/FCN-8s-VGG19-5c_and_FCN-8s-ResNet101-
3c-v22.png  used on input line 66.
(pdftex.def)             Requested size: 218.30162pt x 163.72925pt.
<../figures/plots/FCN-8s-VGG19-5c_and_FCN-8s-ResNet101-5c-v22.png, id=1136, 462
.528pt x 346.896pt>
File: ../figures/plots/FCN-8s-VGG19-5c_and_FCN-8s-ResNet101-5c-v22.png Graphic 
file (type png)
<use ../figures/plots/FCN-8s-VGG19-5c_and_FCN-8s-ResNet101-5c-v22.png>
Package pdftex.def Info: ../figures/plots/FCN-8s-VGG19-5c_and_FCN-8s-ResNet101-
5c-v22.png  used on input line 71.
(pdftex.def)             Requested size: 218.30162pt x 163.72925pt.
<../figures/plots/FCN-8s-VGG19-5c_and_FCN-8s-ResNet101-3c-v30.png, id=1137, 462
.528pt x 346.896pt>
File: ../figures/plots/FCN-8s-VGG19-5c_and_FCN-8s-ResNet101-3c-v30.png Graphic 
file (type png)
<use ../figures/plots/FCN-8s-VGG19-5c_and_FCN-8s-ResNet101-3c-v30.png>
Package pdftex.def Info: ../figures/plots/FCN-8s-VGG19-5c_and_FCN-8s-ResNet101-
3c-v30.png  used on input line 76.
(pdftex.def)             Requested size: 218.30162pt x 163.72925pt.
<../figures/plots/FCN-8s-VGG19-5c_and_FCN-8s-ResNet101-5c-v30.png, id=1138, 462
.528pt x 346.896pt>
File: ../figures/plots/FCN-8s-VGG19-5c_and_FCN-8s-ResNet101-5c-v30.png Graphic 
file (type png)
<use ../figures/plots/FCN-8s-VGG19-5c_and_FCN-8s-ResNet101-5c-v30.png>
Package pdftex.def Info: ../figures/plots/FCN-8s-VGG19-5c_and_FCN-8s-ResNet101-
5c-v30.png  used on input line 85.
(pdftex.def)             Requested size: 352.81552pt x 264.62292pt.


LaTeX Warning: `!h' float specifier changed to `!ht'.


LaTeX Warning: `!h' float specifier changed to `!ht'.

<../figures/plots/FCN-8s-ResNet101-5c-v31_and_FCN-8s-ResNet101-5c-v30.png, id=1
140, 462.528pt x 346.896pt>
File: ../figures/plots/FCN-8s-ResNet101-5c-v31_and_FCN-8s-ResNet101-5c-v30.png 
Graphic file (type png)
<use ../figures/plots/FCN-8s-ResNet101-5c-v31_and_FCN-8s-ResNet101-5c-v30.png>
Package pdftex.def Info: ../figures/plots/FCN-8s-ResNet101-5c-v31_and_FCN-8s-Re
sNet101-5c-v30.png  used on input line 105.
(pdftex.def)             Requested size: 218.30162pt x 163.72925pt.
<../figures/plots/FCN-8s-ResNet101-5c-v32_and_FCN-8s-ResNet101-5c-v30.png, id=1
141, 462.528pt x 346.896pt>
File: ../figures/plots/FCN-8s-ResNet101-5c-v32_and_FCN-8s-ResNet101-5c-v30.png 
Graphic file (type png)
<use ../figures/plots/FCN-8s-ResNet101-5c-v32_and_FCN-8s-ResNet101-5c-v30.png>
Package pdftex.def Info: ../figures/plots/FCN-8s-ResNet101-5c-v32_and_FCN-8s-Re
sNet101-5c-v30.png  used on input line 110.
(pdftex.def)             Requested size: 218.30162pt x 163.72925pt.
[70 <../figures/plots/FCN-8s-VGG19-5c_and_FCN-8s-VGG19-3c.png> <../figures/plot
s/FCN-8s-VGG19-5c_and_FCN-8s-ResNet101-3c-v1.png> <../figures/plots/FCN-8s-VGG1
9-5c_and_FCN-8s-ResNet101-5c-v1.png> <../figures/plots/FCN-8s-VGG19-5c_and_FCN-
8s-ResNet101-3c-v20.png>]
<../figures/plots/FCN-8s-ResNet101-5c-v33_and_FCN-8s-ResNet101-5c-v30.png, id=1
153, 462.528pt x 346.896pt>
File: ../figures/plots/FCN-8s-ResNet101-5c-v33_and_FCN-8s-ResNet101-5c-v30.png 
Graphic file (type png)
<use ../figures/plots/FCN-8s-ResNet101-5c-v33_and_FCN-8s-ResNet101-5c-v30.png>
Package pdftex.def Info: ../figures/plots/FCN-8s-ResNet101-5c-v33_and_FCN-8s-Re
sNet101-5c-v30.png  used on input line 128.
(pdftex.def)             Requested size: 218.30162pt x 163.72925pt.
<../figures/plots/FCN-8s-ResNet101-5c-v33_and_FCN-8s-ResNet101-5c-v32.png, id=1
154, 462.528pt x 346.896pt>
File: ../figures/plots/FCN-8s-ResNet101-5c-v33_and_FCN-8s-ResNet101-5c-v32.png 
Graphic file (type png)
<use ../figures/plots/FCN-8s-ResNet101-5c-v33_and_FCN-8s-ResNet101-5c-v32.png>
Package pdftex.def Info: ../figures/plots/FCN-8s-ResNet101-5c-v33_and_FCN-8s-Re
sNet101-5c-v32.png  used on input line 133.
(pdftex.def)             Requested size: 218.30162pt x 163.72925pt.
 [71 <../figures/plots/FCN-8s-VGG19-5c_and_FCN-8s-ResNet101-5c-v20.png> <../fig
ures/plots/FCN-8s-VGG19-5c_and_FCN-8s-ResNet101-3c-v21.png> <../figures/plots/F
CN-8s-VGG19-5c_and_FCN-8s-ResNet101-5c-v21.png> <../figures/plots/FCN-8s-VGG19-
5c_and_FCN-8s-ResNet101-3c-v22.png> <../figures/plots/FCN-8s-VGG19-5c_and_FCN-8
s-ResNet101-5c-v22.png> <../figures/plots/FCN-8s-VGG19-5c_and_FCN-8s-ResNet101-
3c-v30.png>]

LaTeX Warning: `!h' float specifier changed to `!ht'.


LaTeX Warning: `!h' float specifier changed to `!ht'.

<../figures/plots/potsdam_iter_losses.png, id=1170, 462.528pt x 346.896pt>
File: ../figures/plots/potsdam_iter_losses.png Graphic file (type png)
<use ../figures/plots/potsdam_iter_losses.png>
Package pdftex.def Info: ../figures/plots/potsdam_iter_losses.png  used on inpu
t line 173.
(pdftex.def)             Requested size: 330.76329pt x 248.08168pt.
[72 <../figures/plots/FCN-8s-VGG19-5c_and_FCN-8s-ResNet101-5c-v30.png> <../figu
res/plots/FCN-8s-ResNet101-5c-v31_and_FCN-8s-ResNet101-5c-v30.png> <../figures/
plots/FCN-8s-ResNet101-5c-v32_and_FCN-8s-ResNet101-5c-v30.png>]
<../figures/plots/potsdam_iter_acc.png, id=1179, 462.528pt x 346.896pt>
File: ../figures/plots/potsdam_iter_acc.png Graphic file (type png)
<use ../figures/plots/potsdam_iter_acc.png>
Package pdftex.def Info: ../figures/plots/potsdam_iter_acc.png  used on input l
ine 185.
(pdftex.def)             Requested size: 218.30162pt x 163.72925pt.
<../figures/plots/potsdam_epoch_acc.png, id=1180, 462.528pt x 346.896pt>
File: ../figures/plots/potsdam_epoch_acc.png Graphic file (type png)
<use ../figures/plots/potsdam_epoch_acc.png>
Package pdftex.def Info: ../figures/plots/potsdam_epoch_acc.png  used on input 
line 190.
(pdftex.def)             Requested size: 218.30162pt x 163.72925pt.
 [73 <../figures/plots/FCN-8s-ResNet101-5c-v33_and_FCN-8s-ResNet101-5c-v30.png>
 <../figures/plots/FCN-8s-ResNet101-5c-v33_and_FCN-8s-ResNet101-5c-v32.png> <..
/figures/plots/potsdam_iter_losses.png>]) (./section4.4.tex
<../figures/conf_matrices/Vaihingen_BKHKN_10_full_reference.png, id=1195, 677.5
3125pt x 325.96782pt>
File: ../figures/conf_matrices/Vaihingen_BKHKN_10_full_reference.png Graphic fi
le (type png)
<use ../figures/conf_matrices/Vaihingen_BKHKN_10_full_reference.png>
Package pdftex.def Info: ../figures/conf_matrices/Vaihingen_BKHKN_10_full_refer
ence.png  used on input line 11.
(pdftex.def)             Requested size: 441.01773pt x 212.18494pt.


LaTeX Warning: `!h' float specifier changed to `!ht'.

<../figures/conf_matrices/Vaihingen_BKHKN_10_no_boundary.png, id=1196, 677.5312
5pt x 325.96782pt>
File: ../figures/conf_matrices/Vaihingen_BKHKN_10_no_boundary.png Graphic file 
(type png)
<use ../figures/conf_matrices/Vaihingen_BKHKN_10_no_boundary.png>
Package pdftex.def Info: ../figures/conf_matrices/Vaihingen_BKHKN_10_no_boundar
y.png  used on input line 20.
(pdftex.def)             Requested size: 441.01773pt x 212.18494pt.

LaTeX Warning: `!h' float specifier changed to `!ht'.

<../figures/conf_matrices/Vaihingen_BKHKN_11_full_reference.png, id=1197, 677.5
3125pt x 325.96782pt>
File: ../figures/conf_matrices/Vaihingen_BKHKN_11_full_reference.png Graphic fi
le (type png)
<use ../figures/conf_matrices/Vaihingen_BKHKN_11_full_reference.png>
Package pdftex.def Info: ../figures/conf_matrices/Vaihingen_BKHKN_11_full_refer
ence.png  used on input line 29.
(pdftex.def)             Requested size: 441.01773pt x 212.18494pt.

LaTeX Warning: `!h' float specifier changed to `!ht'.

<../figures/conf_matrices/Vaihingen_BKHKN_11_no_boundary.png, id=1198, 677.5312
5pt x 325.96782pt>
File: ../figures/conf_matrices/Vaihingen_BKHKN_11_no_boundary.png Graphic file 
(type png)
<use ../figures/conf_matrices/Vaihingen_BKHKN_11_no_boundary.png>
Package pdftex.def Info: ../figures/conf_matrices/Vaihingen_BKHKN_11_no_boundar
y.png  used on input line 38.
(pdftex.def)             Requested size: 441.01773pt x 212.18494pt.

LaTeX Warning: `!h' float specifier changed to `!ht'.


LaTeX Warning: `!h' float specifier changed to `!ht'.


LaTeX Warning: `!h' float specifier changed to `!ht'.

[74 <../figures/plots/potsdam_iter_acc.png> <../figures/plots/potsdam_epoch_acc
.png>]
<../figures/conf_matrices/Potsdam_BKHKN_3_full_reference.png, id=1219, 677.5312
5pt x 325.96782pt>
File: ../figures/conf_matrices/Potsdam_BKHKN_3_full_reference.png Graphic file 
(type png)
<use ../figures/conf_matrices/Potsdam_BKHKN_3_full_reference.png>
Package pdftex.def Info: ../figures/conf_matrices/Potsdam_BKHKN_3_full_referenc
e.png  used on input line 97.
(pdftex.def)             Requested size: 441.01773pt x 212.18494pt.


LaTeX Warning: `!h' float specifier changed to `!ht'.

<../figures/conf_matrices/Potsdam_BKHKN_3_no_boundary.png, id=1220, 677.53125pt
 x 325.96782pt>
File: ../figures/conf_matrices/Potsdam_BKHKN_3_no_boundary.png Graphic file (ty
pe png)
<use ../figures/conf_matrices/Potsdam_BKHKN_3_no_boundary.png>
Package pdftex.def Info: ../figures/conf_matrices/Potsdam_BKHKN_3_no_boundary.p
ng  used on input line 106.
(pdftex.def)             Requested size: 441.01773pt x 212.18494pt.

LaTeX Warning: `!h' float specifier changed to `!ht'.


LaTeX Warning: `!h' float specifier changed to `!ht'.


LaTeX Warning: `!h' float specifier changed to `!ht'.

) [75 <../figures/conf_matrices/Vaihingen_BKHKN_10_full_reference.png> <../figu
res/conf_matrices/Vaihingen_BKHKN_10_no_boundary.png>] [76 <../figures/conf_mat
rices/Vaihingen_BKHKN_11_full_reference.png> <../figures/conf_matrices/Vaihinge
n_BKHKN_11_no_boundary.png>] [77 <../figures/conf_matrices/Potsdam_BKHKN_3_full
_reference.png> <../figures/conf_matrices/Potsdam_BKHKN_3_no_boundary.png>]
(./section4.5.tex
<../figures/vaihingen8s/in.png, id=1249, 238.8925pt x 319.1925pt>
File: ../figures/vaihingen8s/in.png Graphic file (type png)
<use ../figures/vaihingen8s/in.png>
Package pdftex.def Info: ../figures/vaihingen8s/in.png  used on input line 6.
(pdftex.def)             Requested size: 132.30666pt x 176.7789pt.
<../figures/vaihingen8s/label.png, id=1250, 238.8925pt x 319.1925pt>
File: ../figures/vaihingen8s/label.png Graphic file (type png)
<use ../figures/vaihingen8s/label.png>
Package pdftex.def Info: ../figures/vaihingen8s/label.png  used on input line 1
0.
(pdftex.def)             Requested size: 132.30666pt x 176.7789pt.
<../figures/vaihingen8s/inference.png, id=1251, 238.8925pt x 319.1925pt>
File: ../figures/vaihingen8s/inference.png Graphic file (type png)
<use ../figures/vaihingen8s/inference.png>
Package pdftex.def Info: ../figures/vaihingen8s/inference.png  used on input li
ne 14.
(pdftex.def)             Requested size: 132.30666pt x 176.7789pt.
<../figures/vaihingen4s/in.png, id=1252, 236.885pt x 321.2pt>
File: ../figures/vaihingen4s/in.png Graphic file (type png)
<use ../figures/vaihingen4s/in.png>
Package pdftex.def Info: ../figures/vaihingen4s/in.png  used on input line 25.
(pdftex.def)             Requested size: 132.30666pt x 179.40517pt.
<../figures/vaihingen4s/label.png, id=1253, 236.885pt x 321.2pt>
File: ../figures/vaihingen4s/label.png Graphic file (type png)
<use ../figures/vaihingen4s/label.png>
Package pdftex.def Info: ../figures/vaihingen4s/label.png  used on input line 2
9.
(pdftex.def)             Requested size: 132.30666pt x 179.40517pt.
<../figures/vaihingen4s/inference.png, id=1254, 236.885pt x 321.2pt>
File: ../figures/vaihingen4s/inference.png Graphic file (type png)
<use ../figures/vaihingen4s/inference.png>
Package pdftex.def Info: ../figures/vaihingen4s/inference.png  used on input li
ne 33.
(pdftex.def)             Requested size: 132.30666pt x 179.40517pt.
<../figures/potsdam4s/in.png, id=1255, 752.8125pt x 752.8125pt>
File: ../figures/potsdam4s/in.png Graphic file (type png)
<use ../figures/potsdam4s/in.png>
Package pdftex.def Info: ../figures/potsdam4s/in.png  used on input line 44.
(pdftex.def)             Requested size: 220.50887pt x 220.50404pt.
<../figures/potsdam4s/label.png, id=1256, 752.8125pt x 752.8125pt>
File: ../figures/potsdam4s/label.png Graphic file (type png)
<use ../figures/potsdam4s/label.png>
Package pdftex.def Info: ../figures/potsdam4s/label.png  used on input line 48.

(pdftex.def)             Requested size: 220.50887pt x 220.50404pt.
<../figures/potsdam4s/inference.png, id=1257, 752.8125pt x 752.8125pt>
File: ../figures/potsdam4s/inference.png Graphic file (type png)
<use ../figures/potsdam4s/inference.png>
Package pdftex.def Info: ../figures/potsdam4s/inference.png  used on input line
 52.
(pdftex.def)             Requested size: 220.50887pt x 220.50404pt.


LaTeX Warning: Float too large for page by 15.57625pt on input line 57.


LaTeX Warning: `!h' float specifier changed to `!ht'.

[78

 <../figures/vaihingen8s/in.png (PNG copy)> <../figures/vaihingen8s/label.png (
PNG copy)> <../figures/vaihingen8s/inference.png (PNG copy)> <../figures/vaihin
gen4s/in.png (PNG copy)> <../figures/vaihingen4s/label.png (PNG copy)> <../figu
res/vaihingen4s/inference.png (PNG copy)>] [79 <../figures/potsdam4s/in.png (PN
G copy)> <../figures/potsdam4s/label.png (PNG copy)> <../figures/potsdam4s/infe
rence.png (PNG copy)>])) [80

]
\openout2 = `conclusion.aux'.

 (./conclusion.tex [81



]) [82]
Overfull \hbox (13.4455pt too wide) in paragraph at lines 103--103
[]\OT1/cmr/m/n/12 Huang Bo. \OT1/cmr/m/it/12 Im-age Se-man-tic Seg-men-ta-tion\
OT1/cmr/m/n/12 . Tech-nis-che Uni-ver-sit^^?at M^^?unchen. Feb. 10,
 []

[83


]
Overfull \hbox (4.6365pt too wide) in paragraph at lines 103--103
\OT1/cmr/m/it/12 IROS'99. Pro-ceed-ings. 1999 IEEE/RSJ In-ter-na-tional Con-fer
-ence on\OT1/cmr/m/n/12 . Vol. 3. IEEE.
 []

[84]
Overfull \hbox (7.35765pt too wide) in paragraph at lines 103--103
\OT1/cmr/m/n/12 Net-work Train-ing by Re-duc-ing In-ter-nal Co-vari-ate Shift''
. In: \OT1/cmr/m/it/12 CoRR \OT1/cmr/m/n/12 abs/1502.03167
 []


Overfull \hbox (18.42267pt too wide) in paragraph at lines 103--103
[]\OT1/cmr/m/n/12 Corinna Cortes Yann Le-Cun and Christo-pher J.C. Burges. \OT1
/cmr/m/it/12 THE MNIST DATABASE
 []

[85]
Overfull \hbox (19.82486pt too wide) in paragraph at lines 103--103
[]\OT1/cmr/m/n/12 M. Ev-er-ing-ham et al. \OT1/cmr/m/it/12 The PAS-CAL Vi-sual 
Ob-ject Classes Chal-lenge 2011 (VOC2011)
 []


Overfull \hbox (46.40369pt too wide) in paragraph at lines 103--103
\OT1/cmr/m/it/12 Re-sults\OT1/cmr/m/n/12 . http://www.pascal-network.org/challe
nges/VOC/voc2011/workshop/index.html. 
 []

[86] [87]
Package atveryend Info: Empty hook `BeforeClearDocument' on input line 104.
 [88]
Package atveryend Info: Empty hook `AfterLastShipout' on input line 104.
 (build//main.aux (build//titlepage.aux) (build//requirements.aux) (build//ackn
owledgement.aux) (build//abstract-vi.aux) (build//abstract-en.aux) (build//summ
ary.aux) (build//chapter1.aux) (build//chapter2.aux)
(build//chapter3.aux) (build//chapter4.aux) (build//conclusion.aux))
Package atveryend Info: Executing hook `AtVeryEndDocument' on input line 104.
Package atveryend Info: Executing hook `AtEndAfterFileList' on input line 104.
Package rerunfilecheck Info: File `main.out' has not changed.
(rerunfilecheck)             Checksum: <no file>.


LaTeX Font Warning: Size substitutions with differences
(Font)              up to 1.26pt have occurred.

Package logreq Info: Writing requests to 'main.run.xml'.
\openout1 = `main.run.xml'.

 ) 
Here is how much of TeX's memory you used:
 27492 strings out of 481239
 490622 string characters out of 5920377
 1213112 words of memory out of 5000000
 41797 multiletter control sequences out of 15000+600000
 552139 words of font info for 87 fonts, out of 8000000 for 9000
 1141 hyphenation exceptions out of 8191
 55i,18n,96p,2452b,3001s stack positions out of 5000i,500n,10000p,200000b,80000s
pdfTeX warning (dest): name{Hfootnote.4} has been referenced but does not exi
st, replaced by a fixed one

pdfTeX warning (dest): name{Hfootnote.3} has been referenced but does not exist
, replaced by a fixed one

pdfTeX warning (dest): name{Hfootnote.2} has been referenced but does not exist
, replaced by a fixed one

pdfTeX warning (dest): name{Hfootnote.1} has been referenced but does not exist
, replaced by a fixed one

{/usr/share/texmf/fonts/enc/dvips/cm-super/cm-super-ts1.enc}</usr/share/texlive
/texmf-dist/fonts/type1/public/amsfonts/cm/cmbsy10.pfb></usr/share/texlive/texm
f-dist/fonts/type1/public/amsfonts/cm/cmbx12.pfb></usr/share/texlive/texmf-dist
/fonts/type1/public/amsfonts/cm/cmbx8.pfb></usr/share/texlive/texmf-dist/fonts/
type1/public/amsfonts/cm/cmcsc10.pfb></usr/share/texlive/texmf-dist/fonts/type1
/public/amsfonts/cm/cmex10.pfb></usr/share/texlive/texmf-dist/fonts/type1/publi
c/amsfonts/cm/cmmi12.pfb></usr/share/texlive/texmf-dist/fonts/type1/public/amsf
onts/cm/cmmi8.pfb></usr/share/texlive/texmf-dist/fonts/type1/public/amsfonts/cm
/cmmib10.pfb></usr/share/texlive/texmf-dist/fonts/type1/public/amsfonts/cm/cmr1
0.pfb></usr/share/texlive/texmf-dist/fonts/type1/public/amsfonts/cm/cmr12.pfb><
/usr/share/texlive/texmf-dist/fonts/type1/public/amsfonts/cm/cmr17.pfb></usr/sh
are/texlive/texmf-dist/fonts/type1/public/amsfonts/cm/cmr8.pfb></usr/share/texl
ive/texmf-dist/fonts/type1/public/amsfonts/cm/cmsy10.pfb></usr/share/texlive/te
xmf-dist/fonts/type1/public/amsfonts/cm/cmsy6.pfb></usr/share/texlive/texmf-dis
t/fonts/type1/public/amsfonts/cm/cmsy8.pfb></usr/share/texlive/texmf-dist/fonts
/type1/public/amsfonts/cm/cmti12.pfb></usr/share/texlive/texmf-dist/fonts/type1
/public/amsfonts/cm/cmtt12.pfb></usr/share/texlive/texmf-dist/fonts/type1/publi
c/amsfonts/symbols/msam10.pfb></usr/share/texlive/texmf-dist/fonts/type1/public
/amsfonts/symbols/msbm10.pfb></usr/share/texmf/fonts/type1/public/cm-super/sfbx
1200.pfb></usr/share/texmf/fonts/type1/public/cm-super/sfrm1200.pfb></usr/share
/texmf/fonts/type1/public/cm-super/sfti1200.pfb></usr/share/texlive/texmf-dist/
fonts/type1/vntex/vnr/vnbx12.pfb></usr/share/texlive/texmf-dist/fonts/type1/vnt
ex/vnr/vnr12.pfb></usr/share/texlive/texmf-dist/fonts/type1/vntex/vnr/vnti12.pf
b>
Output written on build//main.pdf (96 pages, 22252222 bytes).
PDF statistics:
 1557 PDF objects out of 1728 (max. 8388607)
 1235 compressed objects within 13 object streams
 365 named destinations out of 1000 (max. 500000)
 743 words of extra memory for PDF output out of 10000 (max. 10000000)

